This is pdfTeX, Version 3.141592653-2.6-1.40.29 (MiKTeX 26.5) (preloaded format=pdflatex 2026.7.12)  13 JUL 2026 14:09
entering extended mode
 restricted \write18 enabled.
 %&-line parsing enabled.
**./main.tex
(main.tex
LaTeX2e <2026-06-01>
L3 programming layer <2026-06-18>

(C:\Users\admin\AppData\Local\Programs\MiKTeX\tex/latex/oup-authoring-template\
oup-authoring-template.cls
Document Class: oup-authoring-template 2026/05/28 1.3
(C:\Users\admin\AppData\Local\Programs\MiKTeX\tex/latex/crop\crop.sty
Package: crop 2017/11/19 1.10 crop marks (mf)

(C:\Users\admin\AppData\Local\Programs\MiKTeX\tex/generic/iftex\ifluatex.sty
Package: ifluatex 2019/10/25 v1.5 ifluatex legacy package. Use iftex instead.

(C:\Users\admin\AppData\Local\Programs\MiKTeX\tex/generic/iftex\iftex.sty
Package: iftex 2024/12/12 v1.0g TeX engine tests
))
\CROP@index=\count276

(C:\Users\admin\AppData\Local\Programs\MiKTeX\tex/latex/graphics\color.sty
Package: color 2026-05-17 v1.3f Standard LaTeX Color (DPC)

(C:\Users\admin\AppData\Local\Programs\MiKTeX\tex/latex/graphics-cfg\color.cfg
File: color.cfg 2016/01/02 v1.6 sample color configuration
)
Package color Info: Driver file: pdftex.def on input line 149.

(C:\Users\admin\AppData\Local\Programs\MiKTeX\tex/latex/graphics-def\pdftex.def
File: pdftex.def 2025/09/29 v1.2d Graphics/color driver for pdftex
)
(C:\Users\admin\AppData\Local\Programs\MiKTeX\tex/latex/graphics\mathcolor.ltx)
) (C:\Users\admin\AppData\Local\Programs\MiKTeX\tex/latex/graphics\graphics.sty
Package: graphics 2026-05-17 v1.4h Standard LaTeX Graphics (DPC,SPQR)
(C:\Users\admin\AppData\Local\Programs\MiKTeX\tex/latex/graphics\trig.sty
Package: trig 2023/12/02 v1.11 sin cos tan (DPC)
)
(C:\Users\admin\AppData\Local\Programs\MiKTeX\tex/latex/graphics-cfg\graphics.c
fg
File: graphics.cfg 2016/06/04 v1.11 sample graphics configuration
)
Package graphics Info: Driver file: pdftex.def on input line 106.
)
\CROP@offset=\count277
Package crop Info: Local config file crop.cfg used on input line 622.

(C:\Users\admin\AppData\Local\Programs\MiKTeX\tex/xelatex/xetexconfig\crop.cfg)
)
==> First Aid for crop.sty applied!
(C:\Users\admin\AppData\Local\Programs\MiKTeX\tex/latex/graphics\graphicx.sty
Package: graphicx 2026-05-17 v1.2e Enhanced LaTeX Graphics (DPC,SPQR)

(C:\Users\admin\AppData\Local\Programs\MiKTeX\tex/latex/graphics\keyval.sty
Package: keyval 2026-05-17 v1.15 key=value parser (DPC)
\KV@toks@=\toks17
)
\Gin@req@height=\dimen150
\Gin@req@width=\dimen151
)
(C:\Users\admin\AppData\Local\Programs\MiKTeX\tex/latex/caption\caption.sty
Package: caption 2023/08/05 v3.6o Customizing captions (AR)

(C:\Users\admin\AppData\Local\Programs\MiKTeX\tex/latex/caption\caption3.sty
Package: caption3 2023/07/31 v2.4d caption3 kernel (AR)
\caption@tempdima=\dimen152
\captionmargin=\dimen153
\caption@leftmargin=\dimen154
\caption@rightmargin=\dimen155
\caption@width=\dimen156
\caption@indent=\dimen157
\caption@parindent=\dimen158
\caption@hangindent=\dimen159
\abovecaptionskip=\skip49
\belowcaptionskip=\skip50
Package caption Info: Document class w/o caption stuff detected.
)
\c@caption@flags=\count278
\c@continuedfloat=\count279
)
(C:\Users\admin\AppData\Local\Programs\MiKTeX\tex/latex/amsmath\amsmath.sty
Package: amsmath 2026/05/19 v2.18d AMS math features
\@mathmargin=\skip51

For additional information on amsmath, use the `?' option.
(C:\Users\admin\AppData\Local\Programs\MiKTeX\tex/latex/amsmath\amstext.sty
Package: amstext 2024/11/17 v2.01 AMS text

(C:\Users\admin\AppData\Local\Programs\MiKTeX\tex/latex/amsmath\amsgen.sty
File: amsgen.sty 1999/11/30 v2.0 generic functions
\@emptytoks=\toks18
\ex@=\dimen160
))
(C:\Users\admin\AppData\Local\Programs\MiKTeX\tex/latex/amsmath\amsbsy.sty
Package: amsbsy 1999/11/29 v1.2d Bold Symbols
\pmbraise@=\dimen161
)
(C:\Users\admin\AppData\Local\Programs\MiKTeX\tex/latex/amsmath\amsopn.sty
Package: amsopn 2022/04/08 v2.04 operator names
)
\inf@bad=\count280
LaTeX Info: Redefining \frac on input line 233.
\uproot@=\count281
\leftroot@=\count282
LaTeX Info: Redefining \overline on input line 398.
LaTeX Info: Redefining \colon on input line 409.
\classnum@=\count283
\DOTSCASE@=\count284
LaTeX Info: Redefining \ldots on input line 495.
LaTeX Info: Redefining \dots on input line 498.
LaTeX Info: Redefining \cdots on input line 619.
\Mathstrutbox@=\box53
\strutbox@=\box54
LaTeX Info: Redefining \big on input line 721.
LaTeX Info: Redefining \Big on input line 722.
LaTeX Info: Redefining \bigg on input line 723.
LaTeX Info: Redefining \Bigg on input line 724.
\big@size=\dimen162
LaTeX Font Info:    Redeclaring font encoding OML on input line 742.
LaTeX Font Info:    Redeclaring font encoding OMS on input line 743.
\macc@depth=\count285
LaTeX Info: Redefining \bmod on input line 904.
LaTeX Info: Redefining \pmod on input line 909.
LaTeX Info: Redefining \smash on input line 939.
LaTeX Info: Redefining \relbar on input line 969.
LaTeX Info: Redefining \Relbar on input line 970.
\c@MaxMatrixCols=\count286
\dotsspace@=\muskip17
\c@parentequation=\count287
\dspbrk@lvl=\count288
\tag@help=\toks19
\row@=\count289
\column@=\count290
\maxfields@=\count291
\andhelp@=\toks20
\eqnshift@=\dimen163
\alignsep@=\dimen164
\tagshift@=\dimen165
\tagwidth@=\dimen166
\totwidth@=\dimen167
\lineht@=\dimen168
\@envbody=\toks21
\multlinegap=\skip52
\multlinetaggap=\skip53
\mathdisplay@stack=\toks22
LaTeX Info: Redefining \[ on input line 2965.
LaTeX Info: Redefining \] on input line 2966.
)
(C:\Users\admin\AppData\Local\Programs\MiKTeX\tex/latex/tools\array.sty
Package: array 2026/02/24 v2.7b Tabular extension package (FMi)
\col@sep=\dimen169
\ar@mcellbox=\box55
\extrarowheight=\dimen170
\NC@list=\toks23
\extratabsurround=\skip54
\backup@length=\skip55
\ar@cellbox=\box56
)
(C:\Users\admin\AppData\Local\Programs\MiKTeX\tex/latex/xcolor\xcolor.sty
Package: xcolor 2024/09/29 v3.02 LaTeX color extensions (UK)

(C:\Users\admin\AppData\Local\Programs\MiKTeX\tex/latex/graphics-cfg\color.cfg
File: color.cfg 2016/01/02 v1.6 sample color configuration
)
Package xcolor Info: Driver file: pdftex.def on input line 274.
LaTeX Info: Redefining \color on input line 762.
(C:\Users\admin\AppData\Local\Programs\MiKTeX\tex/latex/graphics\mathcolor.ltx)
Package xcolor Info: Model `cmy' substituted by `cmy0' on input line 1349.
Package xcolor Info: Model `hsb' substituted by `rgb' on input line 1353.
Package xcolor Info: Model `RGB' extended on input line 1365.
Package xcolor Info: Model `HTML' substituted by `rgb' on input line 1367.
Package xcolor Info: Model `Hsb' substituted by `hsb' on input line 1368.
Package xcolor Info: Model `tHsb' substituted by `hsb' on input line 1369.
Package xcolor Info: Model `HSB' substituted by `hsb' on input line 1370.
Package xcolor Info: Model `Gray' substituted by `gray' on input line 1371.
Package xcolor Info: Model `wave' substituted by `hsb' on input line 1372.
) (C:\Users\admin\AppData\Local\Programs\MiKTeX\tex/latex/amsfonts\amssymb.sty
Package: amssymb 2013/01/14 v3.01 AMS font symbols

(C:\Users\admin\AppData\Local\Programs\MiKTeX\tex/latex/amsfonts\amsfonts.sty
Package: amsfonts 2013/01/14 v3.01 Basic AMSFonts support
\symAMSa=\mathgroup4
\symAMSb=\mathgroup5
LaTeX Font Info:    Redeclaring math symbol \hbar on input line 98.
LaTeX Font Info:    Overwriting math alphabet `\mathfrak' in version `bold'
(Font)                  U/euf/m/n --> U/euf/b/n on input line 106.
)) (C:\Users\admin\AppData\Local\Programs\MiKTeX\tex/latex/sttools\flushend.sty
Package: flushend 2025/06/18 v4.3 Balancing columns in twocolumn mode (ST)
\flushend@@lastskip@a=\skip56
\flushend@@lastskip@b=\skip57
\flushend@@lastnode=\count292
\var@@loop@iter=\count293
\var@@temp@spread=\dimen171
\var@@temp@a=\dimen172
\var@@temp@loop=\dimen173
\flushend@@page@rule=\dimen174
\flushend@@varbox@lastpage=\box57
\flushend@@varbox@a=\box58
\flushend@@varbox@c=\box59
\flushend@@tempbox@a=\box60
\flushend@@tempbox@c=\box61
\flushend@@floatbox=\box62
\@viper=\box63
\hold@viper=\box64
\atColsBreak=\toks24
\atColsEnd=\toks25
\oldbreak@skip=\dimen175
)
(C:\Users\admin\AppData\Local\Programs\MiKTeX\tex/latex/sttools\stfloats.sty
Package: stfloats 2025/06/18 v3.4 Improve float mechanism and baselineskip sett
ings
\@dblbotnum=\count294
\c@dblbotnumber=\count295
)
(C:\Users\admin\AppData\Local\Programs\MiKTeX\tex/latex/graphics\rotating.sty
Package: rotating 2026-05-17 v2.16e rotated objects in LaTeX

(C:\Users\admin\AppData\Local\Programs\MiKTeX\tex/latex/base\ifthen.sty
Package: ifthen 2024/03/16 v1.1e Standard LaTeX ifthen package (DPC)
)
\c@r@tfl@t=\count296
\rotFPtop=\skip58
\rotFPbot=\skip59
\rot@float@box=\box65
\rot@mess@toks=\toks26
)
(C:\Users\admin\AppData\Local\Programs\MiKTeX\tex/latex/changepage\chngpage.sty
Package: chngpage 2009/10/20 v1.2b change page layout
\c@cp@cnt=\count297
\c@cp@tempcnt=\count298
) (C:\Users\admin\AppData\Local\Programs\MiKTeX\tex/latex/totcount\totcount.sty
Package: totcount 2011/01/25 v1.2 package for gettingthe total value of LaTeX c
ounters
) (C:\Users\admin\AppData\Local\Programs\MiKTeX\tex/latex/base\fix-cm.sty
Package: fix-cm 2020/11/24 v1.1t fixes to LaTeX

(C:\Users\admin\AppData\Local\Programs\MiKTeX\tex/latex/base\ts1enc.def
File: ts1enc.def 2001/06/05 v3.0e (jk/car/fm) Standard LaTeX file
LaTeX Font Info:    Redeclaring font encoding TS1 on input line 47.
LaTeX Encoding Info:    Redeclaring text command \capitalcedilla (encoding TS1)
 on input line 49.
LaTeX Encoding Info:    Redeclaring text command \capitalogonek (encoding TS1) 
on input line 52.
LaTeX Encoding Info:    Redeclaring text command \capitalgrave (encoding TS1) o
n input line 55.
LaTeX Encoding Info:    Redeclaring text command \capitalacute (encoding TS1) o
n input line 56.
LaTeX Encoding Info:    Redeclaring text command \capitalcircumflex (encoding T
S1) on input line 57.
LaTeX Encoding Info:    Redeclaring text command \capitaltilde (encoding TS1) o
n input line 58.
LaTeX Encoding Info:    Redeclaring text command \capitaldieresis (encoding TS1
) on input line 59.
LaTeX Encoding Info:    Redeclaring text command \capitalhungarumlaut (encoding
 TS1) on input line 60.
LaTeX Encoding Info:    Redeclaring text command \capitalring (encoding TS1) on
 input line 61.
LaTeX Encoding Info:    Redeclaring text command \capitalcaron (encoding TS1) o
n input line 62.
LaTeX Encoding Info:    Redeclaring text command \capitalbreve (encoding TS1) o
n input line 63.
LaTeX Encoding Info:    Redeclaring text command \capitalmacron (encoding TS1) 
on input line 64.
LaTeX Encoding Info:    Redeclaring text command \capitaldotaccent (encoding TS
1) on input line 65.
LaTeX Encoding Info:    Redeclaring text command \t (encoding TS1) on input lin
e 66.
LaTeX Encoding Info:    Redeclaring text command \capitaltie (encoding TS1) on 
input line 67.
LaTeX Encoding Info:    Redeclaring text command \newtie (encoding TS1) on inpu
t line 68.
LaTeX Encoding Info:    Redeclaring text command \capitalnewtie (encoding TS1) 
on input line 69.
LaTeX Encoding Info:    Redeclaring text symbol \textcapitalcompwordmark (encod
ing TS1) on input line 70.
LaTeX Encoding Info:    Redeclaring text symbol \textascendercompwordmark (enco
ding TS1) on input line 71.
LaTeX Encoding Info:    Redeclaring text symbol \textquotestraightbase (encodin
g TS1) on input line 72.
LaTeX Encoding Info:    Redeclaring text symbol \textquotestraightdblbase (enco
ding TS1) on input line 73.
LaTeX Encoding Info:    Redeclaring text symbol \texttwelveudash (encoding TS1)
 on input line 74.
LaTeX Encoding Info:    Redeclaring text symbol \textthreequartersemdash (encod
ing TS1) on input line 75.
LaTeX Encoding Info:    Redeclaring text symbol \textleftarrow (encoding TS1) o
n input line 76.
LaTeX Encoding Info:    Redeclaring text symbol \textrightarrow (encoding TS1) 
on input line 77.
LaTeX Encoding Info:    Redeclaring text symbol \textblank (encoding TS1) on in
put line 78.
LaTeX Encoding Info:    Redeclaring text symbol \textdollar (encoding TS1) on i
nput line 79.
LaTeX Encoding Info:    Redeclaring text symbol \textquotesingle (encoding TS1)
 on input line 80.
LaTeX Encoding Info:    Redeclaring text command \textasteriskcentered (encodin
g TS1) on input line 81.
LaTeX Encoding Info:    Redeclaring text symbol \textdblhyphen (encoding TS1) o
n input line 92.
LaTeX Encoding Info:    Redeclaring text symbol \textfractionsolidus (encoding 
TS1) on input line 93.
LaTeX Encoding Info:    Redeclaring text symbol \textzerooldstyle (encoding TS1
) on input line 94.
LaTeX Encoding Info:    Redeclaring text symbol \textoneoldstyle (encoding TS1)
 on input line 95.
LaTeX Encoding Info:    Redeclaring text symbol \texttwooldstyle (encoding TS1)
 on input line 96.
LaTeX Encoding Info:    Redeclaring text symbol \textthreeoldstyle (encoding TS
1) on input line 97.
LaTeX Encoding Info:    Redeclaring text symbol \textfouroldstyle (encoding TS1
) on input line 98.
LaTeX Encoding Info:    Redeclaring text symbol \textfiveoldstyle (encoding TS1
) on input line 99.
LaTeX Encoding Info:    Redeclaring text symbol \textsixoldstyle (encoding TS1)
 on input line 100.
LaTeX Encoding Info:    Redeclaring text symbol \textsevenoldstyle (encoding TS
1) on input line 101.
LaTeX Encoding Info:    Redeclaring text symbol \texteightoldstyle (encoding TS
1) on input line 102.
LaTeX Encoding Info:    Redeclaring text symbol \textnineoldstyle (encoding TS1
) on input line 103.
LaTeX Encoding Info:    Redeclaring text symbol \textlangle (encoding TS1) on i
nput line 104.
LaTeX Encoding Info:    Redeclaring text symbol \textminus (encoding TS1) on in
put line 105.
LaTeX Encoding Info:    Redeclaring text symbol \textrangle (encoding TS1) on i
nput line 106.
LaTeX Encoding Info:    Redeclaring text symbol \textmho (encoding TS1) on inpu
t line 107.
LaTeX Encoding Info:    Redeclaring text symbol \textbigcircle (encoding TS1) o
n input line 108.
LaTeX Encoding Info:    Redeclaring text command \textcircled (encoding TS1) on
 input line 109.
LaTeX Encoding Info:    Redeclaring text symbol \textohm (encoding TS1) on inpu
t line 115.
LaTeX Encoding Info:    Redeclaring text symbol \textlbrackdbl (encoding TS1) o
n input line 116.
LaTeX Encoding Info:    Redeclaring text symbol \textrbrackdbl (encoding TS1) o
n input line 117.
LaTeX Encoding Info:    Redeclaring text symbol \textuparrow (encoding TS1) on 
input line 118.
LaTeX Encoding Info:    Redeclaring text symbol \textdownarrow (encoding TS1) o
n input line 119.
LaTeX Encoding Info:    Redeclaring text symbol \textasciigrave (encoding TS1) 
on input line 120.
LaTeX Encoding Info:    Redeclaring text symbol \textborn (encoding TS1) on inp
ut line 121.
LaTeX Encoding Info:    Redeclaring text symbol \textdivorced (encoding TS1) on
 input line 122.
LaTeX Encoding Info:    Redeclaring text symbol \textdied (encoding TS1) on inp
ut line 123.
LaTeX Encoding Info:    Redeclaring text symbol \textleaf (encoding TS1) on inp
ut line 124.
LaTeX Encoding Info:    Redeclaring text symbol \textmarried (encoding TS1) on 
input line 125.
LaTeX Encoding Info:    Redeclaring text symbol \textmusicalnote (encoding TS1)
 on input line 126.
LaTeX Encoding Info:    Redeclaring text symbol \texttildelow (encoding TS1) on
 input line 127.
LaTeX Encoding Info:    Redeclaring text symbol \textdblhyphenchar (encoding TS
1) on input line 128.
LaTeX Encoding Info:    Redeclaring text symbol \textasciibreve (encoding TS1) 
on input line 129.
LaTeX Encoding Info:    Redeclaring text symbol \textasciicaron (encoding TS1) 
on input line 130.
LaTeX Encoding Info:    Redeclaring text symbol \textacutedbl (encoding TS1) on
 input line 131.
LaTeX Encoding Info:    Redeclaring text symbol \textgravedbl (encoding TS1) on
 input line 132.
LaTeX Encoding Info:    Redeclaring text symbol \textdagger (encoding TS1) on i
nput line 133.
LaTeX Encoding Info:    Redeclaring text symbol \textdaggerdbl (encoding TS1) o
n input line 134.
LaTeX Encoding Info:    Redeclaring text symbol \textbardbl (encoding TS1) on i
nput line 135.
LaTeX Encoding Info:    Redeclaring text symbol \textperthousand (encoding TS1)
 on input line 136.
LaTeX Encoding Info:    Redeclaring text symbol \textbullet (encoding TS1) on i
nput line 137.
LaTeX Encoding Info:    Redeclaring text symbol \textcelsius (encoding TS1) on 
input line 138.
LaTeX Encoding Info:    Redeclaring text symbol \textdollaroldstyle (encoding T
S1) on input line 139.
LaTeX Encoding Info:    Redeclaring text symbol \textcentoldstyle (encoding TS1
) on input line 140.
LaTeX Encoding Info:    Redeclaring text symbol \textflorin (encoding TS1) on i
nput line 141.
LaTeX Encoding Info:    Redeclaring text symbol \textcolonmonetary (encoding TS
1) on input line 142.
LaTeX Encoding Info:    Redeclaring text symbol \textwon (encoding TS1) on inpu
t line 143.
LaTeX Encoding Info:    Redeclaring text symbol \textnaira (encoding TS1) on in
put line 144.
LaTeX Encoding Info:    Redeclaring text symbol \textguarani (encoding TS1) on 
input line 145.
LaTeX Encoding Info:    Redeclaring text symbol \textpeso (encoding TS1) on inp
ut line 146.
LaTeX Encoding Info:    Redeclaring text symbol \textlira (encoding TS1) on inp
ut line 147.
LaTeX Encoding Info:    Redeclaring text symbol \textrecipe (encoding TS1) on i
nput line 148.
LaTeX Encoding Info:    Redeclaring text symbol \textinterrobang (encoding TS1)
 on input line 149.
LaTeX Encoding Info:    Redeclaring text symbol \textinterrobangdown (encoding 
TS1) on input line 150.
LaTeX Encoding Info:    Redeclaring text symbol \textdong (encoding TS1) on inp
ut line 151.
LaTeX Encoding Info:    Redeclaring text symbol \texttrademark (encoding TS1) o
n input line 152.
LaTeX Encoding Info:    Redeclaring text symbol \textpertenthousand (encoding T
S1) on input line 153.
LaTeX Encoding Info:    Redeclaring text symbol \textpilcrow (encoding TS1) on 
input line 154.
LaTeX Encoding Info:    Redeclaring text symbol \textbaht (encoding TS1) on inp
ut line 155.
LaTeX Encoding Info:    Redeclaring text symbol \textnumero (encoding TS1) on i
nput line 156.
LaTeX Encoding Info:    Redeclaring text symbol \textdiscount (encoding TS1) on
 input line 157.
LaTeX Encoding Info:    Redeclaring text symbol \textestimated (encoding TS1) o
n input line 158.
LaTeX Encoding Info:    Redeclaring text symbol \textopenbullet (encoding TS1) 
on input line 159.
LaTeX Encoding Info:    Redeclaring text symbol \textservicemark (encoding TS1)
 on input line 160.
LaTeX Encoding Info:    Redeclaring text symbol \textlquill (encoding TS1) on i
nput line 161.
LaTeX Encoding Info:    Redeclaring text symbol \textrquill (encoding TS1) on i
nput line 162.
LaTeX Encoding Info:    Redeclaring text symbol \textcent (encoding TS1) on inp
ut line 163.
LaTeX Encoding Info:    Redeclaring text symbol \textsterling (encoding TS1) on
 input line 164.
LaTeX Encoding Info:    Redeclaring text symbol \textcurrency (encoding TS1) on
 input line 165.
LaTeX Encoding Info:    Redeclaring text symbol \textyen (encoding TS1) on inpu
t line 166.
LaTeX Encoding Info:    Redeclaring text symbol \textbrokenbar (encoding TS1) o
n input line 167.
LaTeX Encoding Info:    Redeclaring text symbol \textsection (encoding TS1) on 
input line 168.
LaTeX Encoding Info:    Redeclaring text symbol \textasciidieresis (encoding TS
1) on input line 169.
LaTeX Encoding Info:    Redeclaring text symbol \textcopyright (encoding TS1) o
n input line 170.
LaTeX Encoding Info:    Redeclaring text symbol \textordfeminine (encoding TS1)
 on input line 171.
LaTeX Encoding Info:    Redeclaring text symbol \textcopyleft (encoding TS1) on
 input line 172.
LaTeX Encoding Info:    Redeclaring text symbol \textlnot (encoding TS1) on inp
ut line 173.
LaTeX Encoding Info:    Redeclaring text symbol \textcircledP (encoding TS1) on
 input line 174.
LaTeX Encoding Info:    Redeclaring text symbol \textregistered (encoding TS1) 
on input line 175.
LaTeX Encoding Info:    Redeclaring text symbol \textasciimacron (encoding TS1)
 on input line 176.
LaTeX Encoding Info:    Redeclaring text symbol \textdegree (encoding TS1) on i
nput line 177.
LaTeX Encoding Info:    Redeclaring text symbol \textpm (encoding TS1) on input
 line 178.
LaTeX Encoding Info:    Redeclaring text symbol \texttwosuperior (encoding TS1)
 on input line 179.
LaTeX Encoding Info:    Redeclaring text symbol \textthreesuperior (encoding TS
1) on input line 180.
LaTeX Encoding Info:    Redeclaring text symbol \textasciiacute (encoding TS1) 
on input line 181.
LaTeX Encoding Info:    Redeclaring text symbol \textmu (encoding TS1) on input
 line 182.
LaTeX Encoding Info:    Redeclaring text symbol \textparagraph (encoding TS1) o
n input line 183.
LaTeX Encoding Info:    Redeclaring text symbol \textperiodcentered (encoding T
S1) on input line 184.
LaTeX Encoding Info:    Redeclaring text symbol \textreferencemark (encoding TS
1) on input line 185.
LaTeX Encoding Info:    Redeclaring text symbol \textonesuperior (encoding TS1)
 on input line 186.
LaTeX Encoding Info:    Redeclaring text symbol \textordmasculine (encoding TS1
) on input line 187.
LaTeX Encoding Info:    Redeclaring text symbol \textsurd (encoding TS1) on inp
ut line 188.
LaTeX Encoding Info:    Redeclaring text symbol \textonequarter (encoding TS1) 
on input line 189.
LaTeX Encoding Info:    Redeclaring text symbol \textonehalf (encoding TS1) on 
input line 190.
LaTeX Encoding Info:    Redeclaring text symbol \textthreequarters (encoding TS
1) on input line 191.
LaTeX Encoding Info:    Redeclaring text symbol \texteuro (encoding TS1) on inp
ut line 192.
LaTeX Encoding Info:    Redeclaring text symbol \texttimes (encoding TS1) on in
put line 193.
LaTeX Encoding Info:    Redeclaring text symbol \textdiv (encoding TS1) on inpu
t line 194.
))
(C:\Users\admin\AppData\Local\Programs\MiKTeX\tex/latex/footmisc\footmisc.sty
Package: footmisc 2025/05/09 v7.0b a miscellany of footnote facilities
\FN@temptoken=\toks27
\footnotemargin=\dimen176
Package footmisc Info: Declaring symbol style bringhurst on input line 549.
Package footmisc Info: Declaring symbol style chicago on input line 557.
Package footmisc Info: Declaring symbol style wiley on input line 566.
Package footmisc Info: Declaring symbol style lamport-robust on input line 577.

Package footmisc Info: Declaring symbol style lamport* on input line 597.
Package footmisc Info: Declaring symbol style lamport*-robust on input line 618
.
)
\croppaperwidth=\dimen177
\croppaperheight=\dimen178
\Croppdfwidth=\dimen179
\Croppdfheight=\dimen180
\Trimpdfwidth=\dimen181
\Trimpdfheight=\dimen182
\CP@toff@wd=\dimen183
\CP@toff@ht=\dimen184
\CP@boff@wd=\dimen185
\CP@boff@ht=\dimen186
\CP@crop@wd=\dimen187
\CP@crop@ht=\dimen188
\CP@bled@wd=\dimen189
\CP@bled@ht=\dimen190
\CP@trim@wd=\dimen191
\CP@trim@ht=\dimen192
\c@section=\count299
\c@subsection=\count300
\c@subsubsection=\count301
\c@paragraph=\count302
\c@subparagraph=\count303
\c@figure=\count304
\c@table=\count305
\dropfromtop=\skip60
\c@myauthcount=\count306
\c@myauthcount@totc=\count307
\c@myhistorycount=\count308
\c@myhistorycount@totc=\count309
\c@myaddcount=\count310
\c@myaddcount@totc=\count311
\extraspace=\skip61
\currentpageno=\count312
\aboveskipchk=\skip62
\titlepagewd=\skip63
\rotdimen=\dimen193
\tempdime=\dimen194
\temptbox=\box66

(C:\Users\admin\AppData\Local\Programs\MiKTeX\tex/latex/natbib\natbib.sty
Package: natbib 2010/09/13 8.31b (PWD, AO)
\bibhang=\skip64
\bibsep=\skip65
LaTeX Info: Redefining \cite on input line 694.
\c@NAT@ctr=\count313
)
(C:\Users\admin\AppData\Local\Programs\MiKTeX\tex/latex/wrapfig\wrapfig.sty
\wrapoverhang=\dimen195
\WF@size=\dimen196
\c@WF@wrappedlines=\count314
\WF@box=\box67
\WF@everypar=\toks28
Package: wrapfig 2003/01/31  v 3.6
)
\wraplines=\count315
\@authorfigbox=\box68
\@authorfigboxdim=\skip66
\biofigadjskip=\skip67

(C:\Users\admin\AppData\Local\Programs\MiKTeX\tex/latex/amscls\amsthm.sty
Package: amsthm 2020/05/29 v2.20.6
\thm@style=\toks29
\thm@bodyfont=\toks30
\thm@headfont=\toks31
\thm@notefont=\toks32
\thm@headpunct=\toks33
\thm@preskip=\skip68
\thm@postskip=\skip69
\thm@headsep=\skip70
\dth@everypar=\toks34
)
(C:\Users\admin\AppData\Local\Programs\MiKTeX\tex/latex/subfloat\subfloat.sty
Package: subfloat 2003/08/21 version 2.14

Package `subfloat', Version 2.14 of 2003/08/21.
\c@subfloatfiguremax=\count316
\c@subfloattablemax=\count317
)
(C:\Users\admin\AppData\Local\Programs\MiKTeX\tex/latex/multirow\multirow.sty
Package: multirow 2024/11/12 v2.9 Span multiple rows of a table
\multirow@colwidth=\skip71
\multirow@cntb=\count318
\multirow@dima=\skip72
\bigstrutjot=\dimen197
)
(C:\Users\admin\AppData\Local\Programs\MiKTeX\tex/latex/mdwtools\footnote.sty
Package: footnote 1997/01/28 1.13 Save footnotes around boxes
\fn@notes=\box69
\fn@width=\dimen198
)
(C:\Users\admin\AppData\Local\Programs\MiKTeX\tex/latex/url\url.sty
\Urlmuskip=\muskip18
Package: url 2013/09/16  ver 3.4  Verb mode for urls, etc.
)
(C:\Users\admin\AppData\Local\Programs\MiKTeX\tex/latex/jknappen\mathrsfs.sty
Package: mathrsfs 1996/01/01 Math RSFS package v1.0 (jk)
\symrsfs=\mathgroup6
)
(C:\Users\admin\AppData\Local\Programs\MiKTeX\tex/latex/algorithms\algorithm.st
y
Package: algorithm 2009/08/24 v0.1 Document Style `algorithm' - floating enviro
nment
 (C:\Users\admin\AppData\Local\Programs\MiKTeX\tex/latex/float\float.sty
Package: float 2001/11/08 v1.3d Float enhancements (AL)
\c@float@type=\count319
\float@exts=\toks35
\float@box=\box70
\@float@everytoks=\toks36
\@floatcapt=\box71
)
\@float@every@algorithm=\toks37
\c@algorithm=\count320
)
(C:\Users\admin\AppData\Local\Programs\MiKTeX\tex/latex/algorithmicx\algorithmi
cx.sty
Package: algorithmicx 2005/04/27 v1.2 Algorithmicx

Document Style algorithmicx 1.2 - a greatly improved `algorithmic' style
\c@ALG@line=\count321
\c@ALG@rem=\count322
\c@ALG@nested=\count323
\ALG@tlm=\skip73
\ALG@thistlm=\skip74
\c@ALG@Lnr=\count324
\c@ALG@blocknr=\count325
\c@ALG@storecount=\count326
\c@ALG@tmpcounter=\count327
\ALG@tmplength=\skip75
)
(C:\Users\admin\AppData\Local\Programs\MiKTeX\tex/latex/algorithmicx\algpseudoc
ode.sty
Package: algpseudocode 

Document Style - pseudocode environments for use with the `algorithmicx' style
) (C:\Users\admin\AppData\Local\Programs\MiKTeX\tex/latex/listings\listings.sty
\lst@mode=\count328
\lst@gtempboxa=\box72
\lst@token=\toks38
\lst@length=\count329
\lst@currlwidth=\dimen199
\lst@column=\count330
\lst@pos=\count331
\lst@lostspace=\dimen256
\lst@width=\dimen257
\lst@newlines=\count332
\lst@lineno=\count333
\lst@maxwidth=\dimen258
(C:\Users\admin\AppData\Local\Programs\MiKTeX\tex/latex/listings\lstpatch.sty
File: lstpatch.sty 2025/11/14 1.11b (Carsten Heinz)
)
(C:\Users\admin\AppData\Local\Programs\MiKTeX\tex/latex/listings\lstmisc.sty
File: lstmisc.sty 2025/11/14 1.11b (Carsten Heinz)
\c@lstnumber=\count334
\lst@skipnumbers=\count335
\lst@framebox=\box73
)
(C:\Users\admin\AppData\Local\Programs\MiKTeX\tex/latex/listings\listings.cfg
File: listings.cfg 2025/11/14 1.11b listings configuration
))
Package: listings 2025/11/14 1.11b (Carsten Heinz)
\c@@pps=\count336
\c@@ppsavesec=\count337
\c@@ppsaveapp=\count338
(C:\Users\admin\AppData\Local\Programs\MiKTeX\tex/latex/hyperref\hyperref.sty
Package: hyperref 2026-06-17 v7.01r Hypertext links for LaTeX

(C:\Users\admin\AppData\Local\Programs\MiKTeX\tex/latex/kvsetkeys\kvsetkeys.sty
Package: kvsetkeys 2022-10-05 v1.19 Key value parser (HO)
)
(C:\Users\admin\AppData\Local\Programs\MiKTeX\tex/generic/kvdefinekeys\kvdefine
keys.sty
Package: kvdefinekeys 2019-12-19 v1.6 Define keys (HO)
)
(C:\Users\admin\AppData\Local\Programs\MiKTeX\tex/generic/pdfescape\pdfescape.s
ty
Package: pdfescape 2019/12/09 v1.15 Implements pdfTeX's escape features (HO)

(C:\Users\admin\AppData\Local\Programs\MiKTeX\tex/generic/ltxcmds\ltxcmds.sty
Package: ltxcmds 2023-12-04 v1.26 LaTeX kernel commands for general use (HO)
)
(C:\Users\admin\AppData\Local\Programs\MiKTeX\tex/generic/pdftexcmds\pdftexcmds
.sty
Package: pdftexcmds 2020-06-27 v0.33 Utility functions of pdfTeX for LuaTeX (HO
)

(C:\Users\admin\AppData\Local\Programs\MiKTeX\tex/generic/infwarerr\infwarerr.s
ty
Package: infwarerr 2019/12/03 v1.5 Providing info/warning/error messages (HO)
)
Package pdftexcmds Info: \pdf@primitive is available.
Package pdftexcmds Info: \pdf@ifprimitive is available.
Package pdftexcmds Info: \pdfdraftmode found.
))
(C:\Users\admin\AppData\Local\Programs\MiKTeX\tex/latex/hycolor\hycolor.sty
Package: hycolor 2020-01-27 v1.10 Color options for hyperref/bookmark (HO)
)
(C:\Users\admin\AppData\Local\Programs\MiKTeX\tex/latex/hyperref\nameref.sty
Package: nameref 2026-01-29 v2.58 Cross-referencing by name of section

(C:\Users\admin\AppData\Local\Programs\MiKTeX\tex/latex/refcount\refcount.sty
Package: refcount 2019/12/15 v3.6 Data extraction from label references (HO)
)
(C:\Users\admin\AppData\Local\Programs\MiKTeX\tex/generic/gettitlestring\gettit
lestring.sty
Package: gettitlestring 2019/12/15 v1.6 Cleanup title references (HO)

(C:\Users\admin\AppData\Local\Programs\MiKTeX\tex/latex/kvoptions\kvoptions.sty
Package: kvoptions 2022-06-15 v3.15 Key value format for package options (HO)
))
\c@section@level=\count339
)
(C:\Users\admin\AppData\Local\Programs\MiKTeX\tex/latex/etoolbox\etoolbox.sty
Package: etoolbox 2025/10/02 v2.5m e-TeX tools for LaTeX (JAW)
\etb@tempcnta=\count340
)
(C:\Users\admin\AppData\Local\Programs\MiKTeX\tex/generic/stringenc\stringenc.s
ty
Package: stringenc 2019/11/29 v1.12 Convert strings between diff. encodings (HO
)
)
\@linkdim=\dimen259
\Hy@linkcounter=\count341
\Hy@pagecounter=\count342
 (C:\Users\admin\AppData\Local\Programs\MiKTeX\tex/latex/hyperref\pd1enc.def
File: pd1enc.def 2026-06-17 v7.01r Hyperref: PDFDocEncoding definition (HO)
Now handling font encoding PD1 ...
... no UTF-8 mapping file for font encoding PD1
) (C:\Users\admin\AppData\Local\Programs\MiKTeX\tex/generic/intcalc\intcalc.sty
Package: intcalc 2019/12/15 v1.3 Expandable calculations with integers (HO)
)
\Hy@SavedSpaceFactor=\count343
 (C:\Users\admin\AppData\Local\Programs\MiKTeX\tex/latex/hyperref\puenc.def
File: puenc.def 2026-06-17 v7.01r Hyperref: PDF Unicode definition (HO)
Now handling font encoding PU ...
... no UTF-8 mapping file for font encoding PU
)
Package hyperref Info: Hyper figures OFF on input line 4199.
Package hyperref Info: Link nesting OFF on input line 4204.
Package hyperref Info: Hyper index ON on input line 4207.
Package hyperref Info: Plain pages OFF on input line 4214.
Package hyperref Info: Backreferencing OFF on input line 4219.
Package hyperref Info: Implicit mode ON; LaTeX internals redefined.
Package hyperref Info: Bookmarks ON on input line 4466.
\c@Hy@tempcnt=\count344
LaTeX Info: Redefining \url on input line 4805.
\XeTeXLinkMargin=\dimen260

(C:\Users\admin\AppData\Local\Programs\MiKTeX\tex/generic/bitset\bitset.sty
Package: bitset 2019/12/09 v1.3 Handle bit-vector datatype (HO)

(C:\Users\admin\AppData\Local\Programs\MiKTeX\tex/generic/bigintcalc\bigintcalc
.sty
Package: bigintcalc 2019/12/15 v1.5 Expandable calculations on big integers (HO
)
))
\Fld@menulength=\count345
\Field@Width=\dimen261
\Fld@charsize=\dimen262
Package hyperref Info: Hyper figures OFF on input line 6091.
Package hyperref Info: Link nesting OFF on input line 6096.
Package hyperref Info: Hyper index ON on input line 6099.
Package hyperref Info: backreferencing OFF on input line 6106.
Package hyperref Info: Link coloring OFF on input line 6111.
Package hyperref Info: Link coloring with OCG OFF on input line 6116.
Package hyperref Info: PDF/A mode OFF on input line 6121.
\Hy@abspage=\count346
\c@Item=\count347
\c@Hfootnote=\count348
)
Package hyperref Info: Driver (autodetected): hpdftex.

(C:\Users\admin\AppData\Local\Programs\MiKTeX\tex/latex/hyperref\hpdftex.def
File: hpdftex.def 2026-06-17 v7.01r Hyperref driver for pdfTeX
\Fld@listcount=\count349
\c@bookmark@seq@number=\count350

(C:\Users\admin\AppData\Local\Programs\MiKTeX\tex/latex/rerunfilecheck\rerunfil
echeck.sty
Package: rerunfilecheck 2025-06-21 v1.11 Rerun checks for auxiliary files (HO)

(C:\Users\admin\AppData\Local\Programs\MiKTeX\tex/generic/uniquecounter\uniquec
ounter.sty
Package: uniquecounter 2019/12/15 v1.4 Provide unlimited unique counter (HO)
)
Package uniquecounter Info: New unique counter `rerunfilecheck' on input line 2
84.
)
\Hy@SectionHShift=\skip76
)
(C:\Users\admin\AppData\Local\Programs\MiKTeX\tex/latex/pgf/frontendlayer\tikz.
sty
(C:\Users\admin\AppData\Local\Programs\MiKTeX\tex/latex/pgf/basiclayer\pgf.sty
(C:\Users\admin\AppData\Local\Programs\MiKTeX\tex/latex/pgf/utilities\pgfrcs.st
y
(C:\Users\admin\AppData\Local\Programs\MiKTeX\tex/generic/pgf/utilities\pgfutil
-common.tex
\pgfutil@everybye=\toks39
\pgfutil@tempdima=\dimen263
\pgfutil@tempdimb=\dimen264
)
(C:\Users\admin\AppData\Local\Programs\MiKTeX\tex/generic/pgf/utilities\pgfutil
-latex.def
\pgfutil@abb=\box74
)
(C:\Users\admin\AppData\Local\Programs\MiKTeX\tex/generic/pgf/utilities\pgfrcs.
code.tex
(C:\Users\admin\AppData\Local\Programs\MiKTeX\tex/generic/pgf\pgf.revision.tex)
Package: pgfrcs 2025-08-29 v3.1.11a (3.1.11a)
))
Package: pgf 2025-08-29 v3.1.11a (3.1.11a)

(C:\Users\admin\AppData\Local\Programs\MiKTeX\tex/latex/pgf/basiclayer\pgfcore.
sty
(C:\Users\admin\AppData\Local\Programs\MiKTeX\tex/latex/pgf/systemlayer\pgfsys.
sty
(C:\Users\admin\AppData\Local\Programs\MiKTeX\tex/generic/pgf/systemlayer\pgfsy
s.code.tex
Package: pgfsys 2025-08-29 v3.1.11a (3.1.11a)

(C:\Users\admin\AppData\Local\Programs\MiKTeX\tex/generic/pgf/utilities\pgfkeys
.code.tex
\pgfkeys@pathtoks=\toks40
\pgfkeys@temptoks=\toks41

(C:\Users\admin\AppData\Local\Programs\MiKTeX\tex/generic/pgf/utilities\pgfkeys
libraryfiltered.code.tex
\pgfkeys@tmptoks=\toks42
))
\pgf@x=\dimen265
\pgf@y=\dimen266
\pgf@xa=\dimen267
\pgf@ya=\dimen268
\pgf@xb=\dimen269
\pgf@yb=\dimen270
\pgf@xc=\dimen271
\pgf@yc=\dimen272
\pgf@xd=\dimen273
\pgf@yd=\dimen274
\w@pgf@writea=\write3
\r@pgf@reada=\read2
\c@pgf@counta=\count351
\c@pgf@countb=\count352
\c@pgf@countc=\count353
\c@pgf@countd=\count354
\t@pgf@toka=\toks43
\t@pgf@tokb=\toks44
\t@pgf@tokc=\toks45
\pgf@sys@id@count=\count355

(C:\Users\admin\AppData\Local\Programs\MiKTeX\tex/generic/pgf/systemlayer\pgf.c
fg
File: pgf.cfg 2025-08-29 v3.1.11a (3.1.11a)
)
Driver file for pgf: pgfsys-pdftex.def

(C:\Users\admin\AppData\Local\Programs\MiKTeX\tex/generic/pgf/systemlayer\pgfsy
s-pdftex.def
File: pgfsys-pdftex.def 2025-08-29 v3.1.11a (3.1.11a)

(C:\Users\admin\AppData\Local\Programs\MiKTeX\tex/generic/pgf/systemlayer\pgfsy
s-common-pdf.def
File: pgfsys-common-pdf.def 2025-08-29 v3.1.11a (3.1.11a)
)))
(C:\Users\admin\AppData\Local\Programs\MiKTeX\tex/generic/pgf/systemlayer\pgfsy
ssoftpath.code.tex
File: pgfsyssoftpath.code.tex 2025-08-29 v3.1.11a (3.1.11a)
\pgfsyssoftpath@smallbuffer@items=\count356
\pgfsyssoftpath@bigbuffer@items=\count357
)
(C:\Users\admin\AppData\Local\Programs\MiKTeX\tex/generic/pgf/systemlayer\pgfsy
sprotocol.code.tex
File: pgfsysprotocol.code.tex 2025-08-29 v3.1.11a (3.1.11a)
))
(C:\Users\admin\AppData\Local\Programs\MiKTeX\tex/generic/pgf/basiclayer\pgfcor
e.code.tex
Package: pgfcore 2025-08-29 v3.1.11a (3.1.11a)

(C:\Users\admin\AppData\Local\Programs\MiKTeX\tex/generic/pgf/math\pgfmath.code
.tex
(C:\Users\admin\AppData\Local\Programs\MiKTeX\tex/generic/pgf/math\pgfmathutil.
code.tex)
(C:\Users\admin\AppData\Local\Programs\MiKTeX\tex/generic/pgf/math\pgfmathparse
r.code.tex
\pgfmath@dimen=\dimen275
\pgfmath@count=\count358
\pgfmath@box=\box75
\pgfmath@toks=\toks46
\pgfmath@stack@operand=\toks47
\pgfmath@stack@operation=\toks48
)
(C:\Users\admin\AppData\Local\Programs\MiKTeX\tex/generic/pgf/math\pgfmathfunct
ions.code.tex)
(C:\Users\admin\AppData\Local\Programs\MiKTeX\tex/generic/pgf/math\pgfmathfunct
ions.basic.code.tex)
(C:\Users\admin\AppData\Local\Programs\MiKTeX\tex/generic/pgf/math\pgfmathfunct
ions.trigonometric.code.tex)
(C:\Users\admin\AppData\Local\Programs\MiKTeX\tex/generic/pgf/math\pgfmathfunct
ions.random.code.tex)
(C:\Users\admin\AppData\Local\Programs\MiKTeX\tex/generic/pgf/math\pgfmathfunct
ions.comparison.code.tex)
(C:\Users\admin\AppData\Local\Programs\MiKTeX\tex/generic/pgf/math\pgfmathfunct
ions.base.code.tex)
(C:\Users\admin\AppData\Local\Programs\MiKTeX\tex/generic/pgf/math\pgfmathfunct
ions.round.code.tex)
(C:\Users\admin\AppData\Local\Programs\MiKTeX\tex/generic/pgf/math\pgfmathfunct
ions.misc.code.tex)
(C:\Users\admin\AppData\Local\Programs\MiKTeX\tex/generic/pgf/math\pgfmathfunct
ions.integerarithmetics.code.tex)
(C:\Users\admin\AppData\Local\Programs\MiKTeX\tex/generic/pgf/math\pgfmathcalc.
code.tex)
(C:\Users\admin\AppData\Local\Programs\MiKTeX\tex/generic/pgf/math\pgfmathfloat
.code.tex
\c@pgfmathroundto@lastzeros=\count359
))
(C:\Users\admin\AppData\Local\Programs\MiKTeX\tex/generic/pgf/math\pgfint.code.
tex)
(C:\Users\admin\AppData\Local\Programs\MiKTeX\tex/generic/pgf/basiclayer\pgfcor
epoints.code.tex
File: pgfcorepoints.code.tex 2025-08-29 v3.1.11a (3.1.11a)
\pgf@picminx=\dimen276
\pgf@picmaxx=\dimen277
\pgf@picminy=\dimen278
\pgf@picmaxy=\dimen279
\pgf@pathminx=\dimen280
\pgf@pathmaxx=\dimen281
\pgf@pathminy=\dimen282
\pgf@pathmaxy=\dimen283
\pgf@xx=\dimen284
\pgf@xy=\dimen285
\pgf@yx=\dimen286
\pgf@yy=\dimen287
\pgf@zx=\dimen288
\pgf@zy=\dimen289
)
(C:\Users\admin\AppData\Local\Programs\MiKTeX\tex/generic/pgf/basiclayer\pgfcor
epathconstruct.code.tex
File: pgfcorepathconstruct.code.tex 2025-08-29 v3.1.11a (3.1.11a)
\pgf@path@lastx=\dimen290
\pgf@path@lasty=\dimen291
)
(C:\Users\admin\AppData\Local\Programs\MiKTeX\tex/generic/pgf/basiclayer\pgfcor
epathusage.code.tex
File: pgfcorepathusage.code.tex 2025-08-29 v3.1.11a (3.1.11a)
\pgf@shorten@end@additional=\dimen292
\pgf@shorten@start@additional=\dimen293
)
(C:\Users\admin\AppData\Local\Programs\MiKTeX\tex/generic/pgf/basiclayer\pgfcor
escopes.code.tex
File: pgfcorescopes.code.tex 2025-08-29 v3.1.11a (3.1.11a)
\pgfpic=\box76
\pgf@hbox=\box77
\pgf@layerbox@main=\box78
\pgf@picture@serial@count=\count360
)
(C:\Users\admin\AppData\Local\Programs\MiKTeX\tex/generic/pgf/basiclayer\pgfcor
egraphicstate.code.tex
File: pgfcoregraphicstate.code.tex 2025-08-29 v3.1.11a (3.1.11a)
\pgflinewidth=\dimen294
)
(C:\Users\admin\AppData\Local\Programs\MiKTeX\tex/generic/pgf/basiclayer\pgfcor
etransformations.code.tex
File: pgfcoretransformations.code.tex 2025-08-29 v3.1.11a (3.1.11a)
\pgf@pt@x=\dimen295
\pgf@pt@y=\dimen296
\pgf@pt@temp=\dimen297
)
(C:\Users\admin\AppData\Local\Programs\MiKTeX\tex/generic/pgf/basiclayer\pgfcor
equick.code.tex
File: pgfcorequick.code.tex 2025-08-29 v3.1.11a (3.1.11a)
)
(C:\Users\admin\AppData\Local\Programs\MiKTeX\tex/generic/pgf/basiclayer\pgfcor
eobjects.code.tex
File: pgfcoreobjects.code.tex 2025-08-29 v3.1.11a (3.1.11a)
)
(C:\Users\admin\AppData\Local\Programs\MiKTeX\tex/generic/pgf/basiclayer\pgfcor
epathprocessing.code.tex
File: pgfcorepathprocessing.code.tex 2025-08-29 v3.1.11a (3.1.11a)
)
(C:\Users\admin\AppData\Local\Programs\MiKTeX\tex/generic/pgf/basiclayer\pgfcor
earrows.code.tex
File: pgfcorearrows.code.tex 2025-08-29 v3.1.11a (3.1.11a)
\pgfarrowsep=\dimen298
)
(C:\Users\admin\AppData\Local\Programs\MiKTeX\tex/generic/pgf/basiclayer\pgfcor
eshade.code.tex
File: pgfcoreshade.code.tex 2025-08-29 v3.1.11a (3.1.11a)
\pgf@max=\dimen299
\pgf@sys@shading@range@num=\count361
\pgf@shadingcount=\count362
)
(C:\Users\admin\AppData\Local\Programs\MiKTeX\tex/generic/pgf/basiclayer\pgfcor
eimage.code.tex
File: pgfcoreimage.code.tex 2025-08-29 v3.1.11a (3.1.11a)
)
(C:\Users\admin\AppData\Local\Programs\MiKTeX\tex/generic/pgf/basiclayer\pgfcor
eexternal.code.tex
File: pgfcoreexternal.code.tex 2025-08-29 v3.1.11a (3.1.11a)
\pgfexternal@startupbox=\box79
)
(C:\Users\admin\AppData\Local\Programs\MiKTeX\tex/generic/pgf/basiclayer\pgfcor
elayers.code.tex
File: pgfcorelayers.code.tex 2025-08-29 v3.1.11a (3.1.11a)
)
(C:\Users\admin\AppData\Local\Programs\MiKTeX\tex/generic/pgf/basiclayer\pgfcor
etransparency.code.tex
File: pgfcoretransparency.code.tex 2025-08-29 v3.1.11a (3.1.11a)
)
(C:\Users\admin\AppData\Local\Programs\MiKTeX\tex/generic/pgf/basiclayer\pgfcor
epatterns.code.tex
File: pgfcorepatterns.code.tex 2025-08-29 v3.1.11a (3.1.11a)
)
(C:\Users\admin\AppData\Local\Programs\MiKTeX\tex/generic/pgf/basiclayer\pgfcor
erdf.code.tex
File: pgfcorerdf.code.tex 2025-08-29 v3.1.11a (3.1.11a)
)))
(C:\Users\admin\AppData\Local\Programs\MiKTeX\tex/generic/pgf/modules\pgfmodule
shapes.code.tex
File: pgfmoduleshapes.code.tex 2025-08-29 v3.1.11a (3.1.11a)
\pgfnodeparttextbox=\box80
)
(C:\Users\admin\AppData\Local\Programs\MiKTeX\tex/generic/pgf/modules\pgfmodule
plot.code.tex
File: pgfmoduleplot.code.tex 2025-08-29 v3.1.11a (3.1.11a)
)
(C:\Users\admin\AppData\Local\Programs\MiKTeX\tex/latex/pgf/compatibility\pgfco
mp-version-0-65.sty
Package: pgfcomp-version-0-65 2025-08-29 v3.1.11a (3.1.11a)
\pgf@nodesepstart=\dimen300
\pgf@nodesepend=\dimen301
)
(C:\Users\admin\AppData\Local\Programs\MiKTeX\tex/latex/pgf/compatibility\pgfco
mp-version-1-18.sty
Package: pgfcomp-version-1-18 2025-08-29 v3.1.11a (3.1.11a)
))
(C:\Users\admin\AppData\Local\Programs\MiKTeX\tex/latex/pgf/utilities\pgffor.st
y
(C:\Users\admin\AppData\Local\Programs\MiKTeX\tex/latex/pgf/utilities\pgfkeys.s
ty
(C:\Users\admin\AppData\Local\Programs\MiKTeX\tex/generic/pgf/utilities\pgfkeys
.code.tex))
(C:\Users\admin\AppData\Local\Programs\MiKTeX\tex/latex/pgf/math\pgfmath.sty
(C:\Users\admin\AppData\Local\Programs\MiKTeX\tex/generic/pgf/math\pgfmath.code
.tex))
(C:\Users\admin\AppData\Local\Programs\MiKTeX\tex/generic/pgf/utilities\pgffor.
code.tex
Package: pgffor 2025-08-29 v3.1.11a (3.1.11a)
\pgffor@iter=\dimen302
\pgffor@skip=\dimen303
\pgffor@stack=\toks49
\pgffor@toks=\toks50
))
(C:\Users\admin\AppData\Local\Programs\MiKTeX\tex/generic/pgf/frontendlayer/tik
z\tikz.code.tex
Package: tikz 2025-08-29 v3.1.11a (3.1.11a)

(C:\Users\admin\AppData\Local\Programs\MiKTeX\tex/generic/pgf/libraries\pgflibr
aryplothandlers.code.tex
File: pgflibraryplothandlers.code.tex 2025-08-29 v3.1.11a (3.1.11a)
\pgf@plot@mark@count=\count363
\pgfplotmarksize=\dimen304
)
\tikz@lastx=\dimen305
\tikz@lasty=\dimen306
\tikz@lastxsaved=\dimen307
\tikz@lastysaved=\dimen308
\tikz@lastmovetox=\dimen309
\tikz@lastmovetoy=\dimen310
\tikzleveldistance=\dimen311
\tikzsiblingdistance=\dimen312
\tikz@figbox=\box81
\tikz@figbox@bg=\box82
\tikz@tempbox=\box83
\tikz@tempbox@bg=\box84
\tikztreelevel=\count364
\tikznumberofchildren=\count365
\tikznumberofcurrentchild=\count366
\tikz@fig@count=\count367

(C:\Users\admin\AppData\Local\Programs\MiKTeX\tex/generic/pgf/modules\pgfmodule
matrix.code.tex
File: pgfmodulematrix.code.tex 2025-08-29 v3.1.11a (3.1.11a)
\pgfmatrixcurrentrow=\count368
\pgfmatrixcurrentcolumn=\count369
\pgf@matrix@numberofcolumns=\count370
)
\tikz@expandcount=\count371

(C:\Users\admin\AppData\Local\Programs\MiKTeX\tex/generic/pgf/frontendlayer/tik
z/libraries\tikzlibrarytopaths.code.tex
File: tikzlibrarytopaths.code.tex 2025-08-29 v3.1.11a (3.1.11a)
)))
(C:\Users\admin\AppData\Local\Programs\MiKTeX\tex/generic/pgf/frontendlayer/tik
z/libraries\tikzlibrarysvg.path.code.tex
File: tikzlibrarysvg.path.code.tex 2025-08-29 v3.1.11a (3.1.11a)

(C:\Users\admin\AppData\Local\Programs\MiKTeX\tex/generic/pgf/libraries\pgflibr
arysvg.path.code.tex
File: pgflibrarysvg.path.code.tex 2025-08-29 v3.1.11a (3.1.11a)

(C:\Users\admin\AppData\Local\Programs\MiKTeX\tex/generic/pgf/modules\pgfmodule
parser.code.tex
File: pgfmoduleparser.code.tex 2025-08-29 v3.1.11a (3.1.11a)
\pgfparserdef@arg@count=\count372
)
\pgf@lib@svg@last@x=\dimen313
\pgf@lib@svg@last@y=\dimen314
\pgf@lib@svg@last@c@x=\dimen315
\pgf@lib@svg@last@c@y=\dimen316
\pgf@lib@svg@count=\count373
\pgf@lib@svg@max@num=\count374
))
(C:\Users\admin\AppData\Local\Programs\MiKTeX\tex/generic/pgf/frontendlayer/tik
z/libraries\tikzlibrarydecorations.markings.code.tex
(C:\Users\admin\AppData\Local\Programs\MiKTeX\tex/generic/pgf/frontendlayer/tik
z/libraries\tikzlibrarydecorations.code.tex
(C:\Users\admin\AppData\Local\Programs\MiKTeX\tex/generic/pgf/modules\pgfmodule
decorations.code.tex
\pgfdecoratedcompleteddistance=\dimen317
\pgfdecoratedremainingdistance=\dimen318
\pgfdecoratedinputsegmentcompleteddistance=\dimen319
\pgfdecoratedinputsegmentremainingdistance=\dimen320
\pgf@decorate@distancetomove=\dimen321
\pgf@decorate@repeatstate=\count375
\pgfdecorationsegmentamplitude=\dimen322
\pgfdecorationsegmentlength=\dimen323
)
\tikz@lib@dec@box=\box85
)
(C:\Users\admin\AppData\Local\Programs\MiKTeX\tex/generic/pgf/libraries/decorat
ions\pgflibrarydecorations.markings.code.tex))
\@curXheight=\skip77
\c@boxnumcnt=\count376
runsystem(texcount -total -inc main.tex > wordcount.txt)...disabled (restricted
).

)
(C:\Users\admin\AppData\Local\Programs\MiKTeX\tex/latex/booktabs\booktabs.sty
Package: booktabs 2020/01/12 v1.61803398 Publication quality tables
\heavyrulewidth=\dimen324
\lightrulewidth=\dimen325
\cmidrulewidth=\dimen326
\belowrulesep=\dimen327
\belowbottomsep=\dimen328
\aboverulesep=\dimen329
\abovetopsep=\dimen330
\cmidrulesep=\dimen331
\cmidrulekern=\dimen332
\defaultaddspace=\dimen333
\@cmidla=\count377
\@cmidlb=\count378
\@aboverulesep=\dimen334
\@belowrulesep=\dimen335
\@thisruleclass=\count379
\@lastruleclass=\count380
\@thisrulewidth=\dimen336
)
(C:\Users\admin\AppData\Local\Programs\MiKTeX\tex/latex/tools\tabularx.sty
Package: tabularx 2023/12/11 v2.12a `tabularx' package (DPC)
\TX@col@width=\dimen337
\TX@old@table=\dimen338
\TX@old@col=\dimen339
\TX@target=\dimen340
\TX@delta=\dimen341
\TX@cols=\count381
\TX@ftn=\toks51
)
(C:\Users\admin\AppData\Local\Programs\MiKTeX\tex/latex/l3backend\l3backend-pdf
tex.def
File: l3backend-pdftex.def 2026-02-18 L3 backend support: PDF output (pdfTeX)
\l__color_backend_stack_int=\count382
)

LaTeX Warning: Unused global option(s):
    [modern,large,numbered,nocrop].

(main.aux)
\openout1 = `main.aux'.

LaTeX Font Info:    Checking defaults for OML/cmm/m/it on input line 41.
LaTeX Font Info:    ... okay on input line 41.
LaTeX Font Info:    Checking defaults for OMS/cmsy/m/n on input line 41.
LaTeX Font Info:    ... okay on input line 41.
LaTeX Font Info:    Checking defaults for OT1/cmr/m/n on input line 41.
LaTeX Font Info:    ... okay on input line 41.
LaTeX Font Info:    Checking defaults for T1/cmr/m/n on input line 41.
LaTeX Font Info:    ... okay on input line 41.
LaTeX Font Info:    Checking defaults for TS1/cmr/m/n on input line 41.
LaTeX Font Info:    ... okay on input line 41.
LaTeX Font Info:    Checking defaults for OMX/cmex/m/n on input line 41.
LaTeX Font Info:    ... okay on input line 41.
LaTeX Font Info:    Checking defaults for U/cmr/m/n on input line 41.
LaTeX Font Info:    ... okay on input line 41.
LaTeX Font Info:    Checking defaults for PD1/pdf/m/n on input line 41.
LaTeX Font Info:    ... okay on input line 41.
LaTeX Font Info:    Checking defaults for PU/pdf/m/n on input line 41.
LaTeX Font Info:    ... okay on input line 41.

(C:\Users\admin\AppData\Local\Programs\MiKTeX\tex/context/base/mkii\supp-pdf.mk
ii
[Loading MPS to PDF converter (version 2006.09.02).]
\scratchcounter=\count383
\scratchdimen=\dimen342
\scratchbox=\box86
\nofMPsegments=\count384
\nofMParguments=\count385
\everyMPshowfont=\toks52
\MPscratchCnt=\count386
\MPscratchDim=\dimen343
\MPnumerator=\count387
\makeMPintoPDFobject=\count388
\everyMPtoPDFconversion=\toks53
)
(C:\Users\admin\AppData\Local\Programs\MiKTeX\tex/latex/epstopdf-pkg\epstopdf-b
ase.sty
Package: epstopdf-base 2020-01-24 v2.11 Base part for package epstopdf
Package epstopdf-base Info: Redefining graphics rule for `.eps' on input line 4
85.

(C:\Users\admin\AppData\Local\Programs\MiKTeX\tex/latex/00miktex\epstopdf-sys.c
fg
File: epstopdf-sys.cfg 2021/03/18 v2.0 Configuration of epstopdf for MiKTeX
))
Package crop Info: requested driver: `' on input line 41.
Package crop Info: detected driver: `pdftex' on input line 41.
Package crop Info: using `pdftex' graphics driver on input line 41.
Package caption Info: Begin \AtBeginDocument code.
Package caption Info: float package is loaded.
Package caption Info: hyperref package is loaded.
Package caption Info: listings package is loaded.
Package caption Info: rotating package is loaded.
Package caption Info: wrapfig package is loaded.
Package caption Info: End \AtBeginDocument code.
LaTeX Font Info:    Redeclaring symbol font `AMSa' on input line 41.
LaTeX Font Info:    Overwriting symbol font `AMSa' in version `normal'
(Font)                  U/msa/m/n --> U/msa/m/n on input line 41.
LaTeX Font Info:    Overwriting symbol font `AMSa' in version `bold'
(Font)                  U/msa/m/n --> U/msa/m/n on input line 41.

(C:\Users\admin\AppData\Local\Programs\MiKTeX\tex/latex/anyfontsize\anyfontsize
.sty
Package: anyfontsize 2007/11/22 anyfontsize.sty by pts
)
\c@lstlisting=\count389
Package hyperref Info: Link coloring OFF on input line 41.
 (main.out) (main.out)
\@outlinefile=\write4
\openout4 = `main.out'.



LaTeX Font Warning: Font shape `OT1/cmss/b/n' undefined
(Font)              using `OT1/cmss/bx/n' instead on input line 43.

LaTeX Font Info:    Calculating math sizes for size <11.04124> on input line 43
.
LaTeX Font Info:    Trying to load font information for U+msa on input line 43.

(C:\Users\admin\AppData\Local\Programs\MiKTeX\tex/latex/amsfonts\umsa.fd
File: umsa.fd 2013/01/14 v3.01 AMS symbols A
)
LaTeX Font Info:    Trying to load font information for U+msb on input line 43.


(C:\Users\admin\AppData\Local\Programs\MiKTeX\tex/latex/amsfonts\umsb.fd
File: umsb.fd 2013/01/14 v3.01 AMS symbols B
)
LaTeX Font Info:    Trying to load font information for U+rsfs on input line 43
.

(C:\Users\admin\AppData\Local\Programs\MiKTeX\tex/latex/jknappen\ursfs.fd
File: ursfs.fd 1998/03/24 rsfs font definition file (jk)
)
LaTeX Font Info:    Calculating math sizes for size <8.03> on input line 43.


LaTeX Font Warning: Font shape `OT1/cmss/b/n' undefined
(Font)              using `OT1/cmss/bx/n' instead on input line 43.


LaTeX Font Warning: Font shape `OT1/cmss/bx/it' undefined
(Font)              using `OT1/cmss/bx/n' instead on input line 43.

LaTeX Font Info:    Calculating math sizes for size <9.53561> on input line 43.

LaTeX Font Info:    Font shape `OT1/cmtt/bx/n' in size <9.53561> not available
(Font)              Font shape `OT1/cmtt/m/n' tried instead on input line 43.

Underfull \hbox (badness 10000) in paragraph at lines 43--43
[]\OT1/cmss/bx/it/9.53561 Results We pre-sent GC-NKGraph-Atlas, a com-pu-ta-ti-
o-nal fra-me-w-ork asking how much of the
 []


Overfull \vbox (5.40826pt too high) has occurred while \output is active []


Overfull \vbox (17.40826pt too high) has occurred while \output is active []



LaTeX Font Warning: Font shape `OT1/cmss/m/it' in size <6.52437> not available
(Font)              Font shape `OT1/cmss/m/sl' tried instead on input line 43.

LaTeX Font Info:    Calculating math sizes for size <9.03374> on input line 43.


Underfull \hbox (badness 10000) has occurred while \output is active
[]
 []

LaTeX Font Info:    Calculating math sizes for size <6.27344> on input line 43.

[1
Non-PDF special ignored!
<special> ps: [{ThisPage} << /CropBox [0 0 675.15543 862.34612] >> /PUT pdf...
{C:/Users/admin/AppData/Local/MiKTeX/fonts/map/pdftex/pdftex.map}



]

LaTeX Font Warning: Font shape `OT1/cmss/m/it' in size <9.03374> not available
(Font)              Font shape `OT1/cmss/m/sl' tried instead on input line 48.


Underfull \hbox (badness 2547) in paragraph at lines 48--49
[]\OT1/cmss/m/n/9.03374 A \OT1/cmss/bx/n/9.03374 two-arm design \OT1/cmss/m/n/9
.03374 (liver posi-tive con-trol + gastric
 []

LaTeX Font Info:    Font shape `OT1/cmtt/bx/n' in size <9.03374> not available
(Font)              Font shape `OT1/cmtt/m/n' tried instead on input line 50.

Underfull \hbox (badness 4660) in paragraph at lines 50--51
[]\OT1/cmss/m/n/9.03374 The hete-ro-ge-ne-ous graph intro-du-ces a \OT1/cmss/bx
/n/9.03374 mechanism-
 []


LaTeX Font Warning: Font shape `OT1/cmss/m/it' in size <8.03> not available
(Font)              Font shape `OT1/cmss/m/sl' tried instead on input line 92.


Overfull \hbox (261.76535pt too wide) has occurred while \output is active
[][] 
 []


Overfull \vbox (3.0pt too high) has occurred while \output is active []

 [2
Non-PDF special ignored!
<special> ps: [{ThisPage} << /CropBox [0 0 675.15543 862.34612] >> /PUT pdf...
]
Underfull \hbox (badness 1248) in paragraph at lines 99--100
\OT1/cmss/m/n/9.03374 shed wet-lab immune-evasion mech-a-nism into a machine-
 []

<figures/fig0_workflow.pdf, id=163, 544.58577pt x 233.88165pt>
File: figures/fig0_workflow.pdf Graphic file (type pdf)
<use figures/fig0_workflow.pdf>
Package pdftex.def Info: figures/fig0_workflow.pdf  used on input line 127.
(pdftex.def)             Requested size: 506.45905pt x 217.5148pt.

Underfull \hbox (badness 1354) in paragraph at lines 153--154
[]\OT1/cmss/bx/n/9.03374 Design pri-nci-ple. \OT1/cmss/m/n/9.03374 The card str
i-ctly sepa-ra-tes what is
 []


Underfull \hbox (badness 10000) in paragraph at lines 174--174
[]|\OT1/cmss/m/n/7.52812 PHGDH, PSAT1, PSPH,
 []


Underfull \hbox (badness 10000) in paragraph at lines 174--174
\OT1/cmss/m/n/7.52812 SHMT1/2, MTHFD1/2,
 []


Underfull \hbox (badness 10000) in paragraph at lines 174--174
[]|\OT1/cmss/m/n/7.52812 SPTLC1--3, SPTSSA,
 []


Underfull \hbox (badness 5696) in paragraph at lines 174--174
[]|\OT1/cmss/m/n/7.52812 ERM family, Arp2/3 com-plex,
 []


Underfull \hbox (badness 7433) in paragraph at lines 174--174
[]|\OT1/cmss/m/n/7.52812 NKG7, GNLY, GZMB, PRF1,
 []


Overfull \hbox (67.35841pt too wide) in paragraph at lines 180--181
[]\OT1/cmss/bx/n/9.03374 nk[]sm[]balance \OT1/cmss/m/n/9.03374 = mean[]zscore(s
m[]synthesis) $\OMS/cmsy/m/n/9.03374 ^^@$ \OT1/cmss/m/n/9.03374 mean[]zscore(sm
[]catabolism) 
 []


Underfull \hbox (badness 1122) in paragraph at lines 191--192
\OT1/cmss/m/n/9.03374 cancer liver meta-sta-sis (LM1--3) -- tota-ling 166,829 c
ells.
 []


Overfull \hbox (261.76535pt too wide) has occurred while \output is active
[][] 
 []


Overfull \vbox (3.0pt too high) has occurred while \output is active []

 [3
Non-PDF special ignored!
<special> ps: [{ThisPage} << /CropBox [0 0 675.15543 862.34612] >> /PUT pdf...
]
Overfull \hbox (261.76535pt too wide) has occurred while \output is active
[][] 
 []


Overfull \vbox (3.0pt too high) has occurred while \output is active []

 [4
Non-PDF special ignored!
<special> ps: [{ThisPage} << /CropBox [0 0 675.15543 862.34612] >> /PUT pdf...
 <./figures/fig0_workflow.pdf>]
Underfull \hbox (badness 1152) in paragraph at lines 197--198
\OT1/cmss/m/n/9.03374 CD4, CD8A), mono-cyte (CD14, CD68, CSF1R), and B
 []


Overfull \hbox (27.20857pt too wide) in paragraph at lines 202--203
[]\OT1/cmss/bx/n/9.03374 NK-hot-cytotoxic: \OT1/cmss/m/n/9.03374 high GZMB/PRF1
/IFNG, low HAVCR2/TIGIT 
 []


Overfull \hbox (2.26318pt too wide) in paragraph at lines 203--204
[]\OT1/cmss/bx/n/9.03374 NK-hot-dysfunctional: \OT1/cmss/m/n/9.03374 high HAVCR
2/TIGIT/CD96, mode-
 []


Underfull \hbox (badness 1337) in paragraph at lines 228--228
[]|\OT1/cmss/m/n/7.52812 tumor[]serine gene $\OMS/cmsy/m/n/7.52812 !$ \OT1/cmss
/m/n/7.52812 NK topo-logy
 []


Underfull \hbox (badness 4981) in paragraph at lines 231--232
\OT1/cmss/m/n/9.03374 This edge type con-ne-cts tumor-side serine meta-bo-lism
 []


Underfull \hbox (badness 1838) in paragraph at lines 231--232
\OT1/cmss/m/n/9.03374 genes (PHGDH, PSAT1, etc.) to NK-side SM/topology
 []


Underfull \hbox (badness 1168) in paragraph at lines 231--232
\OT1/cmss/m/n/9.03374 genes (SGMS1, SMPD1, EZR, etc.). Unlike gene-ric co-
 []


Underfull \hbox (badness 4846) in paragraph at lines 231--232
\OT1/cmss/m/n/9.03374 expression edges, this edge is spe-ci-fi-cally justi-fied
 by
 []


Underfull \hbox (badness 1577) in paragraph at lines 231--232
\OT1/cmss/m/n/9.03374 the Zheng 2023 mech-a-nism. We audi-ted the imple-men-
 []


Underfull \hbox (badness 3312) in paragraph at lines 231--232
\OT1/cmss/m/n/9.03374 ted ([]$\OT1/cmtt/m/n/9.03374 src / topology / h3 _ edge 
_ sign _ calibration _ audit . py$[]\OT1/cmss/m/n/9.03374 ,
 []


Overfull \hbox (8.56769pt too wide) in paragraph at lines 231--232
[]$\OT1/cmtt/m/n/9.03374 results / tables / mc _ edge _ sign _ calibration _ au
dit . tsv$[]\OT1/cmss/m/n/9.03374 ): the
 []


Underfull \vbox (badness 10000) has occurred while \output is active []


Overfull \hbox (261.76535pt too wide) has occurred while \output is active
[][] 
 []


Overfull \vbox (3.0pt too high) has occurred while \output is active []

 [5
Non-PDF special ignored!
<special> ps: [{ThisPage} << /CropBox [0 0 675.15543 862.34612] >> /PUT pdf...
]
Underfull \vbox (badness 10000) has occurred while \output is active []


Underfull \vbox (badness 10000) has occurred while \output is active []


Overfull \hbox (261.76535pt too wide) has occurred while \output is active
[][] 
 []


Overfull \vbox (3.0pt too high) has occurred while \output is active []

 [6
Non-PDF special ignored!
<special> ps: [{ThisPage} << /CropBox [0 0 675.15543 862.34612] >> /PUT pdf...
]
Overfull \hbox (15.46834pt too wide) in paragraph at lines 326--327
[]\OT1/cmss/m/n/9.03374 Pseudoreplication cor-re-ction addres-ses cell non-inde
pendence
 []


Underfull \hbox (badness 2865) in paragraph at lines 326--327
\OT1/cmss/m/n/9.03374 within sam-ples, but not a sepa-rate concern: whe-
 []


Underfull \hbox (badness 8019) in paragraph at lines 326--327
\OT1/cmss/m/n/9.03374 ven by sha-red tech-ni-cal stru-cture rather than a
 []


Underfull \hbox (badness 3449) in paragraph at lines 326--327
\OT1/cmss/m/n/9.03374 spe-ci-fic bio-lo-gi-cal cou-pling. We tested this dire-c
tly
 []


Underfull \hbox (badness 1748) in paragraph at lines 326--327
\OT1/cmss/m/n/9.03374 on the real NK scRNA data ([]$\OT1/cmtt/m/n/9.03374 src /
 topology / count _
 []


Underfull \hbox (badness 1354) in paragraph at lines 326--327
\OT1/cmss/m/n/9.03374 r=0.251 ($\OML/cmm/m/it/9.03374 P$\OT1/cmss/m/n/9.03374 =
2.7$\OMS/cmsy/m/n/9.03374 ^^B$$\OT1/cmr/m/n/9.03374 10[]$\OT1/cmss/m/n/9.03374 
), and an activation-matched
 []


Underfull \vbox (badness 10000) has occurred while \output is active []


Underfull \hbox (badness 1281) in paragraph at lines 328--329
\OT1/cmss/bx/n/9.03374 not attri-bu-ta-ble to gene-ric co-activation alone, is
 []


Underfull \hbox (badness 1275) in paragraph at lines 328--329
\OT1/cmss/bx/n/9.03374 not distin-gui-sh-a-ble from the tech-ni-cal and global-

 []


Underfull \vbox (badness 10000) has occurred while \output is active []


Overfull \hbox (261.76535pt too wide) has occurred while \output is active
[][] 
 []


Overfull \vbox (3.0pt too high) has occurred while \output is active []

 [7
Non-PDF special ignored!
<special> ps: [{ThisPage} << /CropBox [0 0 675.15543 862.34612] >> /PUT pdf...
]
LaTeX Font Info:    Calculating math sizes for size <6.5> on input line 353.

Overfull \hbox (3.58788pt too wide) in paragraph at lines 353--353
[]|\OT1/cmss/m/n/6.5 Expected| 
 []


Underfull \hbox (badness 10000) in paragraph at lines 353--353
[]|\OT1/cmss/m/n/6.5 serine[]cap ~
 []


Overfull \hbox (5.10002pt too wide) in paragraph at lines 353--353
[]|\OT1/cmss/m/n/6.5 calibrated| 
 []


Underfull \hbox (badness 10000) in paragraph at lines 353--353
[]|\OT1/cmss/m/n/6.5 serine[]cap ~
 []


Underfull \hbox (badness 10000) in paragraph at lines 353--353
[]|\OT1/cmss/m/n/6.5 single-cell
 []


Overfull \hbox (5.10002pt too wide) in paragraph at lines 353--353
[]|\OT1/cmss/m/n/6.5 calibrated| 
 []


Underfull \hbox (badness 10000) in paragraph at lines 353--353
[]|\OT1/cmss/m/n/6.5 single-cell
 []


Overfull \hbox (0.8263pt too wide) in paragraph at lines 353--353
[]|\OT1/cmss/m/n/6.5 5$\OMS/cmsy/m/n/6.5 ^^B$$\OT1/cmr/m/n/6.5 10[]$| 
 []


Overfull \hbox (0.8263pt too wide) in paragraph at lines 353--353
[]|\OT1/cmss/m/n/6.5 1$\OMS/cmsy/m/n/6.5 ^^B$$\OT1/cmr/m/n/6.5 10[]$| 
 []


Underfull \hbox (badness 10000) in paragraph at lines 353--353
[]|\OT1/cmss/m/n/6.5 single-cell
 []


Overfull \hbox (1.6328pt too wide) in paragraph at lines 353--353
[]|\OT1/cmss/m/n/6.5 +0.313\TS1/cmss/m/n/6.5 „…| 
 []


Overfull \hbox (9.23872pt too wide) in paragraph at lines 353--353
[]|\OT1/cmss/m/n/6.5 3.9$\OMS/cmsy/m/n/6.5 ^^B$$\OT1/cmr/m/n/6.5 10[]$\TS1/cmss
/m/n/6.5 „…| 
 []


Underfull \hbox (badness 10000) in paragraph at lines 353--353
[]|\OT1/cmss/m/n/6.5 topology ~
 []


Overfull \hbox (0.8263pt too wide) in paragraph at lines 353--353
[]|\OT1/cmss/m/n/6.5 7$\OMS/cmsy/m/n/6.5 ^^B$$\OT1/cmr/m/n/6.5 10[]$| 
 []


Underfull \hbox (badness 10000) in paragraph at lines 353--353
[]|\OT1/cmss/m/n/6.5 single-cell
 []


Overfull \hbox (6.17003pt too wide) in paragraph at lines 353--353
[]|\OT1/cmss/m/n/6.5 9.1$\OMS/cmsy/m/n/6.5 ^^B$$\OT1/cmr/m/n/6.5 10[]$\TS1/cmss
/m/n/6.5 „| 
 []


Overfull \hbox (3.10133pt too wide) in paragraph at lines 353--353
[]|\OT1/cmss/m/n/6.5 1.1$\OMS/cmsy/m/n/6.5 ^^B$$\OT1/cmr/m/n/6.5 10[]$| 
 []


Underfull \hbox (badness 10000) in paragraph at lines 353--353
[]|\OT1/cmss/m/n/6.5 intratumoral<normal:
 []


Underfull \hbox (badness 10000) in paragraph at lines 353--353
[]|\OT1/cmss/m/n/6.5 single-cell
 []


Overfull \hbox (0.8263pt too wide) in paragraph at lines 353--353
[]|\OT1/cmss/m/n/6.5 6$\OMS/cmsy/m/n/6.5 ^^B$$\OT1/cmr/m/n/6.5 10[]$| 
 []


Overfull \hbox (0.8263pt too wide) in paragraph at lines 353--353
[]|\OT1/cmss/m/n/6.5 9$\OMS/cmsy/m/n/6.5 ^^B$$\OT1/cmr/m/n/6.5 10[]$| 
 []


Underfull \hbox (badness 10000) in paragraph at lines 353--353
[]|\OT1/cmss/m/n/6.5 intratumoral<normal:
 []


Underfull \hbox (badness 10000) in paragraph at lines 353--353
[]|\OT1/cmss/m/n/6.5 single-cell
 []


Overfull \hbox (0.8263pt too wide) in paragraph at lines 353--353
[]|\OT1/cmss/m/n/6.5 3$\OMS/cmsy/m/n/6.5 ^^B$$\OT1/cmr/m/n/6.5 10[]$| 
 []


Overfull \hbox (0.8263pt too wide) in paragraph at lines 353--353
[]|\OT1/cmss/m/n/6.5 1$\OMS/cmsy/m/n/6.5 ^^B$$\OT1/cmr/m/n/6.5 10[]$| 
 []


Underfull \vbox (badness 10000) has occurred while \output is active []

<figures/fig1_armA_positive_control.pdf, id=307, 540.5796pt x 675.48363pt>
File: figures/fig1_armA_positive_control.pdf Graphic file (type pdf)
<use figures/fig1_armA_positive_control.pdf>
Package pdftex.def Info: figures/fig1_armA_positive_control.pdf  used on input 
line 360.
(pdftex.def)             Requested size: 506.45905pt x 632.86238pt.


LaTeX Warning: Float too large for page by 38.66241pt on input line 362.


Underfull \hbox (badness 3657) in paragraph at lines 366--367
\OT1/cmss/m/n/9.03374 p=6.6$\OMS/cmsy/m/n/9.03374 ^^B$$\OT1/cmr/m/n/9.03374 10[
]$\OT1/cmss/m/n/9.03374 , n=1,017 NK), i.e. the transcriptionally-
 []


Underfull \vbox (badness 10000) has occurred while \output is active []


Overfull \hbox (261.76535pt too wide) has occurred while \output is active
[][] 
 []


Overfull \vbox (3.0pt too high) has occurred while \output is active []

 [8
Non-PDF special ignored!
<special> ps: [{ThisPage} << /CropBox [0 0 675.15543 862.34612] >> /PUT pdf...
]
Overfull \hbox (261.76535pt too wide) has occurred while \output is active
[][] 
 []


Overfull \vbox (3.0pt too high) has occurred while \output is active []

 [9
Non-PDF special ignored!
<special> ps: [{ThisPage} << /CropBox [0 0 675.15543 862.34612] >> /PUT pdf...
 <./figures/fig1_armA_positive_control.pdf>]
<figures/fig2_armB_extension.pdf, id=328, 754.98058pt x 483.72722pt>
File: figures/fig2_armB_extension.pdf Graphic file (type pdf)
<use figures/fig2_armB_extension.pdf>
Package pdftex.def Info: figures/fig2_armB_extension.pdf  used on input line 38
5.
(pdftex.def)             Requested size: 506.45905pt x 324.49413pt.

Underfull \hbox (badness 1158) in paragraph at lines 397--398
\OT1/cmss/m/n/9.03374 AUROC ($\OT1/cmr/m/n/9.03374 ^^A$ $\OMS/cmsy/m/n/9.03374 
^^@$\OT1/cmss/m/n/9.03374 0.101, p=0.032) and AUPRC ($\OT1/cmr/m/n/9.03374 ^^A$
 $\OMS/cmsy/m/n/9.03374 ^^@$\OT1/cmss/m/n/9.03374 0.177,
 []


Underfull \hbox (badness 1072) in paragraph at lines 399--400
\OT1/cmss/m/n/9.03374 then this conclu-sion; a detai-led roa-dmap for repro-du-
cing
 []


Overfull \hbox (9.24556pt too wide) in paragraph at lines 399--400
\OT1/cmtt/m/n/9.03374 supplementary / CIBERSORTx _ quanTIseq _ Scissor _ roadma
p . md$[]\OT1/cmss/m/n/9.03374 .
 []


Underfull \hbox (badness 1496) in paragraph at lines 401--402
\OT1/cmss/m/n/9.03374 graph model matches top tree ensem-bles and the SST-
 []


Underfull \hbox (badness 1742) in paragraph at lines 404--404
[]\OT1/cmss/bx/it/9.03374 Table 10. \OT1/cmss/m/n/9.03374 NK-state clas-si-fi-c
a-tion (TCGA-STAD, 5-fold CV; mean over folds). GNN not signi-fi-can-tly dif-fe
-rent from
 []


Overfull \hbox (1.70042pt too wide) in paragraph at lines 420--420
[]|\OT1/cmss/m/n/6.5 LightGBM| 
 []


Underfull \hbox (badness 10000) in paragraph at lines 420--420
[]|\OT1/cmss/bx/n/6.5 GC-
 []


Overfull \hbox (1.75432pt too wide) in paragraph at lines 420--420
\OT1/cmss/bx/n/6.5 NKGraph-
 []


Underfull \hbox (badness 10000) in paragraph at lines 420--420
\OT1/cmss/bx/n/6.5 Atlas
 []


Overfull \hbox (12.99203pt too wide) in paragraph at lines 420--420
[]|\OT1/cmss/m/n/6.5 RandomForest| 
 []


Overfull \hbox (0.95111pt too wide) in paragraph at lines 420--420
[]|\OT1/cmss/m/n/6.5 ElasticNet| 
 []


Underfull \hbox (badness 10000) in paragraph at lines 420--420
[]|\OT1/cmss/m/n/6.5 SST-
 []


Underfull \hbox (badness 10000) in paragraph at lines 420--420
\OT1/cmss/m/n/6.5 module
 []


Underfull \hbox (badness 10000) in paragraph at lines 420--420
[]|\OT1/cmss/m/n/6.5 NK-
 []


Underfull \hbox (badness 10000) in paragraph at lines 420--420
\OT1/cmss/m/n/6.5 marker
 []


Underfull \hbox (badness 10000) in paragraph at lines 420--420
[]|\OT1/cmss/m/n/6.5 SVM
 []


Underfull \hbox (badness 2846) in paragraph at lines 420--420
[]|\OT1/cmss/m/n/6.5 MLP (2-
 []

<figures/fig4_model_comparison.pdf, id=333, 789.45384pt x 334.78677pt>
File: figures/fig4_model_comparison.pdf Graphic file (type pdf)
<use figures/fig4_model_comparison.pdf>
Package pdftex.def Info: figures/fig4_model_comparison.pdf  used on input line 
425.
(pdftex.def)             Requested size: 506.45905pt x 214.77875pt.

Underfull \hbox (badness 1189) in paragraph at lines 431--432
\OT1/cmss/m/n/9.03374 drug-ga-ble head of the axis -- \OT1/cmss/bx/it/9.03374 P
HGDH \OT1/cmss/m/n/9.03374 (serine syn-th-e-sis;
 []


Underfull \vbox (badness 10000) has occurred while \output is active []


Overfull \hbox (261.76535pt too wide) has occurred while \output is active
[][] 
 []


Overfull \vbox (3.0pt too high) has occurred while \output is active []

 [10
Non-PDF special ignored!
<special> ps: [{ThisPage} << /CropBox [0 0 675.15543 862.34612] >> /PUT pdf...
]
Overfull \hbox (261.76535pt too wide) has occurred while \output is active
[][] 
 []


Overfull \vbox (3.0pt too high) has occurred while \output is active []

 [11
Non-PDF special ignored!
<special> ps: [{ThisPage} << /CropBox [0 0 675.15543 862.34612] >> /PUT pdf...
 <./figures/fig2_armB_extension.pdf> <./figures/fig4_model_comparison.pdf>]
Underfull \vbox (badness 10000) has occurred while \output is active []


Underfull \vbox (badness 10000) has occurred while \output is active []


Overfull \hbox (261.76535pt too wide) has occurred while \output is active
[][] 
 []


Overfull \vbox (3.0pt too high) has occurred while \output is active []

 [12
Non-PDF special ignored!
<special> ps: [{ThisPage} << /CropBox [0 0 675.15543 862.34612] >> /PUT pdf...
]
Underfull \hbox (badness 1210) in paragraph at lines 437--438
[]\OT1/cmss/bx/it/9.03374 Independent orth-o-go-nal vali-da-tion (NK-state DE +

 []


Underfull \hbox (badness 3657) in paragraph at lines 439--440
\OT1/cmss/m/n/9.03374 FDR=0.007; CERES=$\OMS/cmsy/m/n/9.03374 ^^@$\OT1/cmss/m/n
/9.03374 0.02 in 35 real gastric/stomach
 []


Underfull \hbox (badness 3364) in paragraph at lines 439--440
\OT1/cmss/m/n/9.03374 DepMap 26Q1 cell lines, wea-kly essen-tial -- see note
 []


Underfull \hbox (badness 1831) in paragraph at lines 439--440
\OT1/cmss/m/n/9.03374 the stron-gest com-bi-ned evi-de-nce. \OT1/cmss/bx/it/9.0
3374 SMPD1 \OT1/cmss/m/n/9.03374 (acid SMase;
 []


Underfull \hbox (badness 2875) in paragraph at lines 443--444
\OT1/cmss/m/n/9.03374 NT5E is itself one of the ten genes con-sti-tu-ting []$\O
T1/cmtt/m/n/9.03374 NK _
 []


Underfull \hbox (badness 2932) in paragraph at lines 445--446
\OT1/cmss/m/n/9.03374 than requi-ring a new data-set, we re-ran the iden-ti-cal

 []


Underfull \hbox (badness 3536) in paragraph at lines 445--446
\OT1/cmss/m/n/9.03374 NK-state labe-ling rule ([]$\OT1/cmtt/m/n/9.03374 src / i
mmune _ scoring / nk _ scores .
 []


Underfull \hbox (badness 1253) in paragraph at lines 445--446
\OT1/cmtt/m/n/9.03374 py$[]\OT1/cmss/m/n/9.03374 ) inde-pen-den-tly on the two 
exter-nal gastric bulk coh-
 []


Underfull \hbox (badness 2326) in paragraph at lines 445--446
\OT1/cmtt/m/n/9.03374 state _ de _ external _ replication _ summary . md$[]\OT1
/cmss/m/n/9.03374 , []$\OT1/cmtt/m/n/9.03374 nk _ state _
 []


Underfull \hbox (badness 10000) in paragraph at lines 469--469
[]|\OT1/cmss/m/n/6.5 tumor[]spec
 []


Underfull \hbox (badness 1762) in paragraph at lines 469--469
[]|\OT1/cmss/m/n/6.5 DepMap CERES (real,
 []


Underfull \hbox (badness 10000) in paragraph at lines 469--469
[]|\OT1/cmss/bx/n/6.5 UP in dysf
 []


Underfull \hbox (badness 10000) in paragraph at lines 469--469
\OT1/cmss/bx/n/6.5 (FDR=0.007)\OT1/cmss/m/n/6.5 ;
 []


Underfull \hbox (badness 10000) in paragraph at lines 469--469
[]|\OT1/cmss/bx/n/6.5 UP in dysf
 []


Underfull \hbox (badness 6332) in paragraph at lines 469--469
[]|\OT1/cmss/m/n/6.5 Preclinical (Zheng
 []


Underfull \hbox (badness 6332) in paragraph at lines 469--469
[]|\OT1/cmss/m/n/6.5 Preclinical (Zheng
 []


Underfull \hbox (badness 10000) in paragraph at lines 469--469
[]|\OT1/cmss/m/n/6.5 moderately essen-tial
 []


Underfull \hbox (badness 10000) in paragraph at lines 469--469
[]|\OT1/cmss/bx/n/6.5 DOWN in dysf
 []


Underfull \hbox (badness 10000) in paragraph at lines 469--469
[]|\OT1/cmss/m/n/6.5 SHMT1/2,
 []


Underfull \hbox (badness 10000) in paragraph at lines 469--469
[]|\OT1/cmss/m/n/6.5 serine/1C
 []


Underfull \hbox (badness 10000) in paragraph at lines 469--469
[]|\OT1/cmss/m/n/6.5 +0.001--
 []


Underfull \hbox (badness 1931) in paragraph at lines 469--469
[]|\OT1/cmss/bx/n/6.5 DOWN in dysf (all
 []


Underfull \hbox (badness 10000) in paragraph at lines 469--469
[]|\OT1/cmss/m/n/6.5 serine/1C
 []


Underfull \hbox (badness 10000) in paragraph at lines 469--469
[]|\OT1/cmss/bx/n/6.5 DOWN in dysf
 []


Underfull \hbox (badness 10000) in paragraph at lines 469--469
[]|\OT1/cmss/m/n/6.5 moderately essen-tial
 []


Underfull \hbox (badness 10000) in paragraph at lines 469--469
[]|\OT1/cmss/m/n/6.5 FDA appro-ved
 []


Underfull \hbox (badness 10000) in paragraph at lines 469--469
[]|\OT1/cmss/m/n/6.5 NK pro-tru-sion
 []


Underfull \hbox (badness 10000) in paragraph at lines 469--469
[]|\OT1/cmss/bx/n/6.5 DOWN in dysf
 []

<figures/fig3_targets.pdf, id=478, 1006.83525pt x 347.2709pt>
File: figures/fig3_targets.pdf Graphic file (type pdf)
<use figures/fig3_targets.pdf>
Package pdftex.def Info: figures/fig3_targets.pdf  used on input line 474.
(pdftex.def)             Requested size: 506.45905pt x 174.6842pt.

Overfull \hbox (261.76535pt too wide) has occurred while \output is active
[][] 
 []


Overfull \vbox (3.0pt too high) has occurred while \output is active []

 [13
Non-PDF special ignored!
<special> ps: [{ThisPage} << /CropBox [0 0 675.15543 862.34612] >> /PUT pdf...
]
Overfull \hbox (261.76535pt too wide) has occurred while \output is active
[][] 
 []


Overfull \vbox (3.0pt too high) has occurred while \output is active []

 [14
Non-PDF special ignored!
<special> ps: [{ThisPage} << /CropBox [0 0 675.15543 862.34612] >> /PUT pdf...
 <./figures/fig3_targets.pdf>]
Underfull \hbox (badness 1189) in paragraph at lines 507--508
\OT1/cmss/bx/it/9.03374 cta-ble after pseu-do-re-pli-ca-tion cor-re-ction. \OT1
/cmss/m/n/9.03374 The SM-
 []


Underfull \vbox (badness 10000) has occurred while \output is active []


Overfull \hbox (261.76535pt too wide) has occurred while \output is active
[][] 
 []


Overfull \vbox (3.0pt too high) has occurred while \output is active []

 [15
Non-PDF special ignored!
<special> ps: [{ThisPage} << /CropBox [0 0 675.15543 862.34612] >> /PUT pdf...
]
Underfull \hbox (badness 3536) in paragraph at lines 519--520
\OT1/cmss/m/n/9.03374 card regi-stry cur-ren-tly holds four cards span-ning dis
ti-
 []


Underfull \hbox (badness 1629) in paragraph at lines 519--520
\OT1/cmss/m/n/9.03374 cards share the same YAML sch-ema and are con-su-med
 []


Underfull \hbox (badness 1259) in paragraph at lines 519--520
\OT1/cmss/m/n/9.03374 over-lap is low (Jaccard 0.07--0.19), con-fir-ming the ca
rds
 []


Underfull \hbox (badness 1824) in paragraph at lines 519--520
\OT1/cmss/m/n/9.03374 gene sets ([]$\OT1/cmtt/m/n/9.03374 results / tables / me
chanism _ card _ comparison .
 []


Underfull \vbox (badness 10000) has occurred while \output is active []


Underfull \hbox (badness 1205) in paragraph at lines 525--526
\OT1/cmss/m/n/9.03374 ment. This is now empi-ri-cally sup-por-ted by the H2
 []


Underfull \vbox (badness 10000) has occurred while \output is active []


Overfull \hbox (261.76535pt too wide) has occurred while \output is active
[][] 
 []


Overfull \vbox (3.0pt too high) has occurred while \output is active []

 [16
Non-PDF special ignored!
<special> ps: [{ThisPage} << /CropBox [0 0 675.15543 862.34612] >> /PUT pdf...
]
Underfull \hbox (badness 1248) in paragraph at lines 529--530
[]\OT1/cmss/bx/it/9.03374 Single-cell module-score cor-re-la-ti-ons require cou
nt-
 []


Underfull \vbox (badness 10000) has occurred while \output is active []


Underfull \hbox (badness 1158) in paragraph at lines 537--538
\OT1/cmss/m/n/9.03374 cti-o-nal test in two inde-pen-dent exter-nal gastric coh
-
 []


Underfull \hbox (badness 2503) in paragraph at lines 537--538
\OT1/cmss/m/n/9.03374 com-pa-ri-sons (88%) are dire-cti-o-nally concor-dant wit
h
 []


Overfull \hbox (4.32112pt too wide) in paragraph at lines 538--539
\OT1/cmss/m/n/9.03374 ([]$\OT1/cmtt/m/n/9.03374 results / tables / geneset _ se
paration _ audit _ summary .
 []


Underfull \vbox (badness 10000) has occurred while \output is active []


Overfull \hbox (261.76535pt too wide) has occurred while \output is active
[][] 
 []


Overfull \vbox (3.0pt too high) has occurred while \output is active []

 [17
Non-PDF special ignored!
<special> ps: [{ThisPage} << /CropBox [0 0 675.15543 862.34612] >> /PUT pdf...
]
Underfull \hbox (badness 1087) in paragraph at lines 545--546
[]\OT1/cmss/bx/it/9.03374 Additional mech-a-ni-sms. \OT1/cmss/m/n/9.03374 The m
echanism-card regi-stry
 []


Overfull \hbox (4.76675pt too wide) in paragraph at lines 558--559
\OT1/cmtt/m/n/9.03374 github . com / nblvguohao / GC-[]NKGraph-[]Atlas$[]\OT1/c
mss/m/n/9.03374 . The mechanism-
 []


Overfull \hbox (25.63708pt too wide) in paragraph at lines 565--565
[]\OT1/cmtt/m/n/9.03374 python src/common/synthetic_data.py  # -> data/syntheti
c/[] 
 []


Underfull \hbox (badness 2875) in paragraph at lines 566--567
\OT1/cmss/m/n/9.03374 de-ncy ver-si-ons (testa-ble on Linux/macOS/Windows with
 []


Underfull \hbox (badness 1881) in paragraph at lines 573--574
\OT1/cmtt/m/n/9.03374 csv$[]\OT1/cmss/m/n/9.03374 ): the real, cur-rent rele-as
e used for Table []11[]'s
 []


Overfull \hbox (261.76535pt too wide) has occurred while \output is active
[][] 
 []


Overfull \vbox (3.0pt too high) has occurred while \output is active []

 [18
Non-PDF special ignored!
<special> ps: [{ThisPage} << /CropBox [0 0 675.15543 862.34612] >> /PUT pdf...
]
Underfull \hbox (badness 1264) in paragraph at lines 587--588
\OT1/cmss/m/n/9.03374 identified data-sets (TCGA-LIHC, TCGA-STAD, GSE62254,
 []


Underfull \hbox (badness 2644) in paragraph at lines 595--596
\OT1/cmss/m/n/9.03374 This work was sup-por-ted by grants from the Nati-o-nal
 []


Underfull \hbox (badness 1354) in paragraph at lines 608--609
[]\OT1/cmss/m/n/9.03374 Gao J, Zheng X, Liu Y, et al. TGF-$\OML/cmm/m/it/9.0337
4 ^^L$ \OT1/cmss/m/n/9.03374 impairs NK
 []


Underfull \hbox (badness 1264) in paragraph at lines 608--609
\OT1/cmss/m/n/9.03374 cell migra-tion and cyto-to-xi-city. \OT1/cmss/m/sl/9.033
74 J Immu-no-ther Cancer
 []


Underfull \hbox (badness 1019) in paragraph at lines 621--622
[]\OT1/cmss/m/n/9.03374 Efremova M, Vento-Tormo M, Tei-ch-mann SA, Vento-
 []


Overfull \hbox (261.76535pt too wide) has occurred while \output is active
[][] 
 []


Overfull \vbox (3.0pt too high) has occurred while \output is active []

 [19
Non-PDF special ignored!
<special> ps: [{ThisPage} << /CropBox [0 0 675.15543 862.34612] >> /PUT pdf...
]
Underfull \hbox (badness 1648) in paragraph at lines 642--643
[]\OT1/cmss/m/n/9.03374 Cancer Genome Atlas Rese-a-rch Netw-ork. Com-pre-h-en-
 []


Overfull \hbox (261.76535pt too wide) has occurred while \output is active
[][] 
 []


Overfull \vbox (3.0pt too high) has occurred while \output is active []

 [20
Non-PDF special ignored!
<special> ps: [{ThisPage} << /CropBox [0 0 675.15543 862.34612] >> /PUT pdf...

] (main.aux)
 ***********
LaTeX2e <2026-06-01>
L3 programming layer <2026-06-18>
 ***********


LaTeX Font Warning: Some font shapes were not available, defaults substituted.

Package rerunfilecheck Info: File `main.out' has not changed.
(rerunfilecheck)             Checksum: 8AEB8C59D74C9DF5C119F114DEDE0E30;5059.
 ) 
Here is how much of TeX's memory you used:
 26870 strings out of 467510
 503356 string characters out of 5408794
 937858 words of memory out of 5000000
 55484 multiletter control sequences out of 15000+600000
 675164 words of font info for 228 fonts, out of 8000000 for 9000
 1145 hyphenation exceptions out of 8191
 99i,13n,108p,17349b,602s stack positions out of 10000i,1000n,20000p,200000b,200000s
 <C:\Users\admin\AppData\Local\MiKTeX\fonts/pk/ljfour/jknappen/ec/dpi487\tcss
0800.pk> <C:\Users\admin\AppData\Local\MiKTeX\fonts/pk/ljfour/jknappen/ec/dpi60
2\tcss0900.pk> <C:\Users\admin\AppData\Local\MiKTeX\fonts/pk/ljfour/jknappen/ec
/dpi471\tcss0800.pk><C:/Users/admin/AppData/Local/Programs/MiKTeX/fonts/type1/p
ublic/amsfonts/cm/cmmi6.pfb><C:/Users/admin/AppData/Local/Programs/MiKTeX/fonts
/type1/public/amsfonts/cm/cmmi9.pfb><C:/Users/admin/AppData/Local/Programs/MiKT
eX/fonts/type1/public/amsfonts/cm/cmr5.pfb><C:/Users/admin/AppData/Local/Progra
ms/MiKTeX/fonts/type1/public/amsfonts/cm/cmr6.pfb><C:/Users/admin/AppData/Local
/Programs/MiKTeX/fonts/type1/public/amsfonts/cm/cmr7.pfb><C:/Users/admin/AppDat
a/Local/Programs/MiKTeX/fonts/type1/public/amsfonts/cm/cmr8.pfb><C:/Users/admin
/AppData/Local/Programs/MiKTeX/fonts/type1/public/amsfonts/cm/cmr9.pfb><C:/User
s/admin/AppData/Local/Programs/MiKTeX/fonts/type1/public/amsfonts/cm/cmss8.pfb>
<C:/Users/admin/AppData/Local/Programs/MiKTeX/fonts/type1/public/amsfonts/cm/cm
ss9.pfb><C:/Users/admin/AppData/Local/Programs/MiKTeX/fonts/type1/public/amsfon
ts/cm/cmssbx10.pfb><C:/Users/admin/AppData/Local/Programs/MiKTeX/fonts/type1/pu
blic/amsfonts/cm/cmssi8.pfb><C:/Users/admin/AppData/Local/Programs/MiKTeX/fonts
/type1/public/amsfonts/cm/cmssi9.pfb><C:/Users/admin/AppData/Local/Programs/MiK
TeX/fonts/type1/public/amsfonts/cm/cmsy5.pfb><C:/Users/admin/AppData/Local/Prog
rams/MiKTeX/fonts/type1/public/amsfonts/cm/cmsy6.pfb><C:/Users/admin/AppData/Lo
cal/Programs/MiKTeX/fonts/type1/public/amsfonts/cm/cmsy7.pfb><C:/Users/admin/Ap
pData/Local/Programs/MiKTeX/fonts/type1/public/amsfonts/cm/cmsy8.pfb><C:/Users/
admin/AppData/Local/Programs/MiKTeX/fonts/type1/public/amsfonts/cm/cmsy9.pfb><C
:/Users/admin/AppData/Local/Programs/MiKTeX/fonts/type1/public/amsfonts/cm/cmtt
8.pfb><C:/Users/admin/AppData/Local/Programs/MiKTeX/fonts/type1/public/amsfonts
/cm/cmtt9.pfb><C:/Users/admin/AppData/Local/Programs/MiKTeX/fonts/type1/public/
amsfonts/symbols/msbm10.pfb>
Output written on main.pdf (20 pages, 932656 bytes).
PDF statistics:
 876 PDF objects out of 1000 (max. 8388607)
 153 named destinations out of 1000 (max. 500000)
 262 words of extra memory for PDF output out of 10000 (max. 10000000)

